0 info it worked if it ends with ok
1 verbose cli [
1 verbose cli   '/data/data/com.termux/files/usr/bin/node',
1 verbose cli   '/data/data/com.termux/files/usr/bin/npm',
1 verbose cli   'install'
1 verbose cli ]
2 info using npm@6.14.10
3 info using node@v14.15.4
4 verbose npm-session b87d74ce3a4bf898
5 silly install runPreinstallTopLevelLifecycles
6 silly preinstall XBOT@1.0.0
7 info lifecycle XBOT@1.0.0~preinstall: XBOT@1.0.0
8 silly install loadCurrentTree
9 silly install readLocalPackageData
10 timing stage:loadCurrentTree Completed in 4742ms
11 silly install loadIdealTree
12 silly install cloneCurrentTreeToIdealTree
13 timing stage:loadIdealTree:cloneCurrentTree Completed in 30ms
14 silly install loadShrinkwrap
15 timing stage:loadIdealTree:loadShrinkwrap Completed in 1304ms
16 silly install loadAllDepsIntoIdealTree
17 http fetch GET 304 https://registry.npmjs.org/tiktok-scraper 918ms (from cache)
18 silly pacote range manifest for tiktok-scraper@^1.4.7 fetched in 1017ms
19 http fetch GET 304 https://registry.npmjs.org/json2csv 237ms (from cache)
20 silly pacote version manifest for json2csv@4.5.1 fetched in 268ms
21 http fetch GET 304 https://registry.npmjs.org/async 646ms (from cache)
22 http fetch GET 304 https://registry.npmjs.org/commander 404ms (from cache)
23 silly pacote range manifest for async@^3.1.0 fetched in 716ms
24 http fetch GET 304 https://registry.npmjs.org/jsonparse 412ms (from cache)
25 silly pacote range manifest for commander@^2.15.1 fetched in 447ms
26 silly pacote range manifest for jsonparse@^1.3.1 fetched in 430ms
27 http fetch GET 304 https://registry.npmjs.org/lodash.get 426ms (from cache)
28 silly pacote range manifest for lodash.get@^4.4.2 fetched in 438ms
29 silly pacote range manifest for tiktok-scraper@^1.4.7 fetched in 30ms
30 silly resolveWithNewModule tiktok-scraper@1.4.17 checking installable status
31 http fetch GET 304 https://registry.npmjs.org/@types%2fcacheable-request 273ms (from cache)
32 silly pacote range manifest for @types/cacheable-request@^6.0.1 fetched in 314ms
33 silly resolveWithNewModule @types/cacheable-request@6.0.1 checking installable status
34 http fetch GET 304 https://registry.npmjs.org/cacheable-lookup 294ms (from cache)
35 http fetch GET 304 https://registry.npmjs.org/cacheable-request 305ms (from cache)
36 silly pacote range manifest for cacheable-lookup@^5.0.3 fetched in 320ms
37 silly resolveWithNewModule cacheable-lookup@5.0.4 checking installable status
38 silly pacote range manifest for cacheable-request@^7.0.1 fetched in 327ms
39 silly resolveWithNewModule cacheable-request@7.0.1 checking installable status
40 silly removeObsoleteDep removing @types/http-cache-semantics from the tree as its been replaced by a newer version or is no longer required
41 http fetch GET 304 https://registry.npmjs.org/@types%2fhttp-cache-semantics 199ms (from cache)
42 http fetch GET 200 https://registry.npmjs.org/@types/http-cache-semantics/-/http-cache-semantics-4.0.0.tgz 76ms (from cache)
43 silly pacote tag manifest for @types/http-cache-semantics@latest fetched in 329ms
44 silly resolveWithNewModule @types/http-cache-semantics@4.0.0 checking installable status
45 http fetch GET 304 https://registry.npmjs.org/http-cache-semantics 131ms (from cache)
46 silly pacote range manifest for http-cache-semantics@^4.0.0 fetched in 145ms
47 silly resolveWithNewModule http-cache-semantics@4.1.0 checking installable status
48 silly pacote range manifest for async@^3.1.0 fetched in 17ms
49 silly resolveWithNewModule async@3.2.0 checking installable status
50 silly pacote version manifest for json2csv@4.5.1 fetched in 23ms
51 silly resolveWithNewModule json2csv@4.5.1 checking installable status
52 silly pacote range manifest for commander@^2.15.1 fetched in 46ms
53 silly resolveWithNewModule commander@2.20.3 checking installable status
54 silly pacote range manifest for jsonparse@^1.3.1 fetched in 50ms
55 silly resolveWithNewModule jsonparse@1.3.1 checking installable status
56 silly pacote range manifest for lodash.get@^4.4.2 fetched in 54ms
57 silly resolveWithNewModule lodash.get@4.4.2 checking installable status
58 http fetch GET 304 https://registry.npmjs.org/log-symbols 171ms (from cache)
59 silly pacote range manifest for log-symbols@^3.0.0 fetched in 187ms
60 silly resolveWithNewModule log-symbols@3.0.0 checking installable status
61 http fetch GET 304 https://registry.npmjs.org/chalk 120ms (from cache)
62 silly pacote range manifest for chalk@^2.4.2 fetched in 137ms
63 silly resolveWithNewModule chalk@2.4.2 checking installable status
64 http fetch GET 304 https://registry.npmjs.org/ansi-styles 179ms (from cache)
65 http fetch GET 304 https://registry.npmjs.org/supports-color 185ms (from cache)
66 silly pacote range manifest for ansi-styles@^3.2.1 fetched in 199ms
67 silly resolveWithNewModule ansi-styles@3.2.1 checking installable status
68 silly pacote range manifest for supports-color@^5.3.0 fetched in 200ms
69 silly resolveWithNewModule supports-color@5.5.0 checking installable status
70 http fetch GET 304 https://registry.npmjs.org/color-convert 96ms (from cache)
71 silly pacote range manifest for color-convert@^1.9.0 fetched in 108ms
72 silly resolveWithNewModule color-convert@1.9.3 checking installable status
73 http fetch GET 304 https://registry.npmjs.org/color-name 142ms (from cache)
74 silly pacote version manifest for color-name@1.1.3 fetched in 152ms
75 silly resolveWithNewModule color-name@1.1.3 checking installable status
76 http fetch GET 304 https://registry.npmjs.org/has-flag 117ms (from cache)
77 silly pacote range manifest for has-flag@^3.0.0 fetched in 126ms
78 silly resolveWithNewModule has-flag@3.0.0 checking installable status
79 timing stage:loadIdealTree:loadAllDepsIntoIdealTree Completed in 7320ms
80 timing stage:loadIdealTree Completed in 10087ms
81 silly currentTree XBOT@1.0.0
81 silly currentTree ├── @adiwajshing/baileys@3.4.1
81 silly currentTree ├── @adiwajshing/keyed-db@0.2.4
81 silly currentTree ├── @babel/runtime@7.13.10
81 silly currentTree ├── @hapi/bourne@2.0.0
81 silly currentTree ├── @jimp/bmp@0.16.1
81 silly currentTree ├── @jimp/core@0.16.1
81 silly currentTree ├── @jimp/custom@0.16.1
81 silly currentTree ├── @jimp/gif@0.16.1
81 silly currentTree ├── @jimp/jpeg@0.16.1
81 silly currentTree ├── @jimp/plugin-blit@0.16.1
81 silly currentTree ├── @jimp/plugin-blur@0.16.1
81 silly currentTree ├── @jimp/plugin-circle@0.16.1
81 silly currentTree ├── @jimp/plugin-color@0.16.1
81 silly currentTree ├── @jimp/plugin-contain@0.16.1
81 silly currentTree ├── @jimp/plugin-cover@0.16.1
81 silly currentTree ├── @jimp/plugin-crop@0.16.1
81 silly currentTree ├── @jimp/plugin-displace@0.16.1
81 silly currentTree ├── @jimp/plugin-dither@0.16.1
81 silly currentTree ├── @jimp/plugin-fisheye@0.16.1
81 silly currentTree ├── @jimp/plugin-flip@0.16.1
81 silly currentTree ├── @jimp/plugin-gaussian@0.16.1
81 silly currentTree ├── @jimp/plugin-invert@0.16.1
81 silly currentTree ├── @jimp/plugin-mask@0.16.1
81 silly currentTree ├── @jimp/plugin-normalize@0.16.1
81 silly currentTree ├── @jimp/plugin-print@0.16.1
81 silly currentTree ├── @jimp/plugin-resize@0.16.1
81 silly currentTree ├── @jimp/plugin-rotate@0.16.1
81 silly currentTree ├── @jimp/plugin-scale@0.16.1
81 silly currentTree ├── @jimp/plugin-shadow@0.16.1
81 silly currentTree ├── @jimp/plugin-threshold@0.16.1
81 silly currentTree ├── @jimp/plugins@0.16.1
81 silly currentTree ├── @jimp/png@0.16.1
81 silly currentTree ├── @jimp/tiff@0.16.1
81 silly currentTree ├── @jimp/types@0.16.1
81 silly currentTree ├── @jimp/utils@0.16.1
81 silly currentTree ├── @protobufjs/aspromise@1.1.2
81 silly currentTree ├── @protobufjs/base64@1.1.2
81 silly currentTree ├── @protobufjs/codegen@2.0.4
81 silly currentTree ├── @protobufjs/eventemitter@1.1.0
81 silly currentTree ├── @protobufjs/fetch@1.1.0
81 silly currentTree ├── @protobufjs/float@1.0.2
81 silly currentTree ├── @protobufjs/inquire@1.1.0
81 silly currentTree ├── @protobufjs/path@1.1.2
81 silly currentTree ├── @protobufjs/pool@1.1.0
81 silly currentTree ├── @protobufjs/utf8@1.1.0
81 silly currentTree ├── @sindresorhus/is@4.0.0
81 silly currentTree ├── @szmarczak/http-timer@4.0.5
81 silly currentTree ├── @tokenizer/token@0.1.1
81 silly currentTree ├── @types/cacheable-request
81 silly currentTree ├── @types/debug@4.1.5
81 silly currentTree ├── @types/http-cache-semantics
81 silly currentTree ├── @types/keyv@3.1.1
81 silly currentTree ├── @types/long@4.0.1
81 silly currentTree ├── @types/node@14.14.35
81 silly currentTree ├── @types/readable-stream@2.3.9
81 silly currentTree ├── @types/responselike@1.0.0
81 silly currentTree ├── agent-base@6.0.2
81 silly currentTree ├── ajv@6.12.6
81 silly currentTree ├── ansi-regex@4.1.0
81 silly currentTree ├── ansi-styles@3.2.1
81 silly currentTree ├── any-base@1.1.0
81 silly currentTree ├─┬ archiver-utils@2.1.0
81 silly currentTree │ ├── readable-stream@2.3.7
81 silly currentTree │ ├── safe-buffer@5.1.2
81 silly currentTree │ └── string_decoder@1.1.1
81 silly currentTree ├── archiver@3.1.1
81 silly currentTree ├─┬ args@5.0.1
81 silly currentTree │ └── chalk@2.4.2
81 silly currentTree ├── asn1@0.2.4
81 silly currentTree ├── assert-plus@1.0.0
81 silly currentTree ├── async@2.6.3
81 silly currentTree ├── asynckit@0.4.0
81 silly currentTree ├── atomic-sleep@1.0.0
81 silly currentTree ├── aws-sign2@0.7.0
81 silly currentTree ├── aws4@1.11.0
81 silly currentTree ├── axios@0.21.1
81 silly currentTree ├── balanced-match@1.0.0
81 silly currentTree ├── base64-js@1.5.1
81 silly currentTree ├── bcrypt-pbkdf@1.0.2
81 silly currentTree ├── bl@4.1.0
81 silly currentTree ├── bluebird@3.7.2
81 silly currentTree ├── bmp-js@0.1.0
81 silly currentTree ├── brace-expansion@1.1.11
81 silly currentTree ├── buffer-crc32@0.2.13
81 silly currentTree ├── buffer-equal@0.0.1
81 silly currentTree ├── buffer@5.7.1
81 silly currentTree ├── cacheable-lookup
81 silly currentTree ├── cacheable-request
81 silly currentTree ├── camelcase@5.0.0
81 silly currentTree ├── caseless@0.12.0
81 silly currentTree ├── cfonts@2.9.1
81 silly currentTree ├─┬ chalk@4.1.0
81 silly currentTree │ ├── ansi-styles@4.3.0
81 silly currentTree │ ├── color-convert@2.0.1
81 silly currentTree │ ├── color-name@1.1.4
81 silly currentTree │ ├── has-flag@4.0.0
81 silly currentTree │ └── supports-color@7.2.0
81 silly currentTree ├── cli-cursor@3.1.0
81 silly currentTree ├── cli-spinners@2.5.0
81 silly currentTree ├── cliui@5.0.0
81 silly currentTree ├── clone-response@1.0.2
81 silly currentTree ├── clone@1.0.4
81 silly currentTree ├── color-convert@1.9.3
81 silly currentTree ├── color-name@1.1.3
81 silly currentTree ├── combined-stream@1.0.8
81 silly currentTree ├─┬ compress-commons@2.1.1
81 silly currentTree │ ├── readable-stream@2.3.7
81 silly currentTree │ ├── safe-buffer@5.1.2
81 silly currentTree │ └── string_decoder@1.1.1
81 silly currentTree ├── concat-map@0.0.1
81 silly currentTree ├── content-type@1.0.4
81 silly currentTree ├── core-util-is@1.0.2
81 silly currentTree ├── crc@3.8.0
81 silly currentTree ├── crc32-stream@3.0.1
81 silly currentTree ├── curve25519-js@0.0.4
81 silly currentTree ├── dashdash@1.14.1
81 silly currentTree ├── dateformat@4.5.1
81 silly currentTree ├── debug@4.3.1
81 silly currentTree ├── decamelize@1.2.0
81 silly currentTree ├─┬ decompress-response@6.0.0
81 silly currentTree │ └── mimic-response@3.1.0
81 silly currentTree ├── defaults@1.0.3
81 silly currentTree ├── defer-to-connect@2.0.1
81 silly currentTree ├── define-property@1.0.0
81 silly currentTree ├── delayed-stream@1.0.0
81 silly currentTree ├── dom-walk@0.1.2
81 silly currentTree ├── dotenv@8.2.0
81 silly currentTree ├── ecc-jsbn@0.1.2
81 silly currentTree ├── emoji-regex@7.0.3
81 silly currentTree ├── end-of-stream@1.4.4
81 silly currentTree ├── escape-string-regexp@1.0.5
81 silly currentTree ├── exif-parser@0.1.12
81 silly currentTree ├── extend@3.0.2
81 silly currentTree ├── extsprintf@1.3.0
81 silly currentTree ├── fake-useragent@1.0.1
81 silly currentTree ├── fast-deep-equal@3.1.3
81 silly currentTree ├── fast-json-stable-stringify@2.1.0
81 silly currentTree ├── fast-redact@3.0.0
81 silly currentTree ├── fast-safe-stringify@2.0.7
81 silly currentTree ├── file-type@9.0.0
81 silly currentTree ├── find-up@3.0.0
81 silly currentTree ├── flatstr@1.0.12
81 silly currentTree ├── fluent-ffmpeg@2.1.2
81 silly currentTree ├── follow-redirects@1.13.3
81 silly currentTree ├── forever-agent@0.6.1
81 silly currentTree ├── form-data@2.3.3
81 silly currentTree ├── fs-constants@1.0.0
81 silly currentTree ├── fs.realpath@1.0.0
81 silly currentTree ├── futoin-hkdf@1.3.3
81 silly currentTree ├── get-caller-file@2.0.5
81 silly currentTree ├── get-stream@5.2.0
81 silly currentTree ├── getpass@0.1.7
81 silly currentTree ├── gifwrap@0.9.2
81 silly currentTree ├── glob@7.1.6
81 silly currentTree ├── global@4.4.0
81 silly currentTree ├── got@11.8.2
81 silly currentTree ├── graceful-fs@4.2.6
81 silly currentTree ├── har-schema@2.0.0
81 silly currentTree ├── har-validator@5.1.5
81 silly currentTree ├── has-flag@3.0.0
81 silly currentTree ├── http-cache-semantics
81 silly currentTree ├── http-signature@1.2.0
81 silly currentTree ├── http2-wrapper@1.0.3
81 silly currentTree ├── https-proxy-agent@5.0.0
81 silly currentTree ├── iconv-lite@0.4.24
81 silly currentTree ├── ieee754@1.2.1
81 silly currentTree ├── image-q@1.1.1
81 silly currentTree ├── image-to-base64@2.1.1
81 silly currentTree ├── inflight@1.0.6
81 silly currentTree ├── inherits@2.0.4
81 silly currentTree ├── ip@1.1.5
81 silly currentTree ├── is-accessor-descriptor@1.0.0
81 silly currentTree ├── is-buffer@1.1.6
81 silly currentTree ├── is-data-descriptor@1.0.0
81 silly currentTree ├── is-descriptor@1.0.2
81 silly currentTree ├── is-fullwidth-code-point@2.0.0
81 silly currentTree ├── is-function@1.0.2
81 silly currentTree ├── is-interactive@1.0.0
81 silly currentTree ├─┬ is-number@3.0.0
81 silly currentTree │ └── kind-of@3.2.2
81 silly currentTree ├── is-typedarray@1.0.0
81 silly currentTree ├── isarray@1.0.0
81 silly currentTree ├── isexe@2.0.0
81 silly currentTree ├── isstream@0.1.2
81 silly currentTree ├── jimp@0.16.1
81 silly currentTree ├── jmespath@0.15.0
81 silly currentTree ├── joycon@2.2.5
81 silly currentTree ├── jpeg-js@0.4.2
81 silly currentTree ├── jsbn@0.1.1
81 silly currentTree ├── json-buffer@3.0.1
81 silly currentTree ├── json-schema-traverse@0.4.1
81 silly currentTree ├── json-schema@0.2.3
81 silly currentTree ├── json-stringify-safe@5.0.1
81 silly currentTree ├── jsprim@1.4.1
81 silly currentTree ├── keyv@4.0.3
81 silly currentTree ├── kind-of@6.0.3
81 silly currentTree ├─┬ lazystream@1.0.0
81 silly currentTree │ ├── readable-stream@2.3.7
81 silly currentTree │ ├── safe-buffer@5.1.2
81 silly currentTree │ └── string_decoder@1.1.1
81 silly currentTree ├── leven@2.1.0
81 silly currentTree ├── load-bmfont@1.4.1
81 silly currentTree ├── locate-path@3.0.0
81 silly currentTree ├── lodash.defaults@4.2.0
81 silly currentTree ├── lodash.difference@4.5.0
81 silly currentTree ├── lodash.flatten@4.4.0
81 silly currentTree ├── lodash.isplainobject@4.0.6
81 silly currentTree ├── lodash.union@4.6.0
81 silly currentTree ├── lodash@4.17.21
81 silly currentTree ├─┬ log-symbols
81 silly currentTree │ └── chalk
81 silly currentTree ├── long@4.0.0
81 silly currentTree ├── lowercase-keys@2.0.0
81 silly currentTree ├── media-typer@1.1.0
81 silly currentTree ├── mime-db@1.46.0
81 silly currentTree ├── mime-types@2.1.29
81 silly currentTree ├── mime@1.6.0
81 silly currentTree ├── mimic-fn@2.1.0
81 silly currentTree ├── mimic-response@1.0.1
81 silly currentTree ├── min-document@2.19.0
81 silly currentTree ├── minimatch@3.0.4
81 silly currentTree ├── minimist@1.2.5
81 silly currentTree ├── mkdirp@0.5.5
81 silly currentTree ├── moment-timezone@0.5.33
81 silly currentTree ├── moment@2.29.1
81 silly currentTree ├── mri@1.1.4
81 silly currentTree ├── ms@2.1.2
81 silly currentTree ├─┬ multistream@2.1.1
81 silly currentTree │ ├── readable-stream@2.3.7
81 silly currentTree │ ├── safe-buffer@5.1.2
81 silly currentTree │ └── string_decoder@1.1.1
81 silly currentTree ├─┬ music-metadata@7.8.1
81 silly currentTree │ └── file-type@16.3.0
81 silly currentTree ├── mute-stream@0.0.8
81 silly currentTree ├─┬ needle@2.6.0
81 silly currentTree │ └── debug@3.2.7
81 silly currentTree ├── node-fetch@2.6.1
81 silly currentTree ├── node-gtts@2.0.2
81 silly currentTree ├── node-tesseract-ocr@2.0.0
81 silly currentTree ├── normalize-path@3.0.0
81 silly currentTree ├── normalize-url@4.5.0
81 silly currentTree ├── oauth-sign@0.9.0
81 silly currentTree ├── omggif@1.0.10
81 silly currentTree ├── once@1.4.0
81 silly currentTree ├── onetime@5.1.2
81 silly currentTree ├─┬ ora@4.1.1
81 silly currentTree │ ├── ansi-regex@5.0.0
81 silly currentTree │ ├── ansi-styles@4.3.0
81 silly currentTree │ ├── chalk@3.0.0
81 silly currentTree │ ├── color-convert@2.0.1
81 silly currentTree │ ├── color-name@1.1.4
81 silly currentTree │ ├── has-flag@4.0.0
81 silly currentTree │ ├── strip-ansi@6.0.0
81 silly currentTree │ └── supports-color@7.2.0
81 silly currentTree ├── p-cancelable@2.1.0
81 silly currentTree ├── p-limit@2.3.0
81 silly currentTree ├── p-locate@3.0.0
81 silly currentTree ├── p-try@2.2.0
81 silly currentTree ├── pako@1.0.11
81 silly currentTree ├── parse-bmfont-ascii@1.0.6
81 silly currentTree ├── parse-bmfont-binary@1.0.6
81 silly currentTree ├── parse-bmfont-xml@1.1.4
81 silly currentTree ├── parse-headers@2.0.3
81 silly currentTree ├── path-exists@3.0.0
81 silly currentTree ├── path-is-absolute@1.0.1
81 silly currentTree ├── peek-readable@3.1.3
81 silly currentTree ├── performance-now@2.1.0
81 silly currentTree ├── phin@2.9.3
81 silly currentTree ├── pino-pretty@4.7.1
81 silly currentTree ├── pino-std-serializers@3.2.0
81 silly currentTree ├── pino@6.11.2
81 silly currentTree ├── pixelmatch@4.0.2
81 silly currentTree ├── pngjs@3.4.0
81 silly currentTree ├── process-nextick-args@2.0.1
81 silly currentTree ├── process@0.11.10
81 silly currentTree ├── progress@2.0.3
81 silly currentTree ├─┬ protobufjs@6.10.2
81 silly currentTree │ └── @types/node@13.13.47
81 silly currentTree ├── psl@1.8.0
81 silly currentTree ├── pump@3.0.0
81 silly currentTree ├── punycode@2.1.1
81 silly currentTree ├── qrcode-terminal@0.12.0
81 silly currentTree ├── qs@6.5.2
81 silly currentTree ├── quick-format-unescaped@4.0.1
81 silly currentTree ├── quick-lru@5.1.1
81 silly currentTree ├── readable-stream@3.6.0
81 silly currentTree ├── readable-web-to-node-stream@3.0.1
81 silly currentTree ├── regenerator-runtime@0.13.7
81 silly currentTree ├── remove.bg@1.3.0
81 silly currentTree ├── request-promise-core@1.1.4
81 silly currentTree ├── request-promise@4.2.6
81 silly currentTree ├── request@2.88.2
81 silly currentTree ├── require-directory@2.1.1
81 silly currentTree ├── require-main-filename@2.0.0
81 silly currentTree ├── resolve-alpn@1.0.0
81 silly currentTree ├── responselike@2.0.0
81 silly currentTree ├── restore-cursor@3.1.0
81 silly currentTree ├── safe-buffer@5.2.1
81 silly currentTree ├── safer-buffer@2.1.2
81 silly currentTree ├── sax@1.2.4
81 silly currentTree ├── set-blocking@2.0.0
81 silly currentTree ├── signal-exit@3.0.3
81 silly currentTree ├── smart-buffer@4.1.0
81 silly currentTree ├── socks-proxy-agent@5.0.0
81 silly currentTree ├── socks@2.5.1
81 silly currentTree ├── sonic-boom@1.4.0
81 silly currentTree ├─┬ spinnies@0.5.1
81 silly currentTree │ └── chalk@2.4.2
81 silly currentTree ├── split2@3.2.2
81 silly currentTree ├── sshpk@1.16.1
81 silly currentTree ├── stealthy-require@1.1.1
81 silly currentTree ├── string_decoder@1.3.0
81 silly currentTree ├── string-width@3.1.0
81 silly currentTree ├── strip-ansi@5.2.0
81 silly currentTree ├── strip-json-comments@3.1.1
81 silly currentTree ├── strtok3@6.0.8
81 silly currentTree ├── supports-color@5.5.0
81 silly currentTree ├── tar-stream@2.2.0
81 silly currentTree ├── timm@1.7.1
81 silly currentTree ├── tinycolor2@1.4.2
81 silly currentTree ├── token-types@2.1.1
81 silly currentTree ├── tough-cookie@2.5.0
81 silly currentTree ├── tunnel-agent@0.6.0
81 silly currentTree ├── tweetnacl@0.14.5
81 silly currentTree ├── typedarray-to-buffer@3.1.5
81 silly currentTree ├─┬ unirest@0.6.0
81 silly currentTree │ ├── async@0.9.2
81 silly currentTree │ ├── combined-stream@0.0.7
81 silly currentTree │ ├── delayed-stream@0.0.5
81 silly currentTree │ ├── form-data@0.2.0
81 silly currentTree │ ├── mime-db@1.12.0
81 silly currentTree │ ├── mime-types@2.0.14
81 silly currentTree │ └── mime@2.5.2
81 silly currentTree ├── uri-js@4.4.1
81 silly currentTree ├── utif@2.0.1
81 silly currentTree ├── util-deprecate@1.0.2
81 silly currentTree ├── uuid@3.4.0
81 silly currentTree ├── verror@1.10.0
81 silly currentTree ├── wcwidth@1.0.1
81 silly currentTree ├── which-module@2.0.0
81 silly currentTree ├── which@1.3.1
81 silly currentTree ├── window-size@1.1.1
81 silly currentTree ├── wrap-ansi@5.1.0
81 silly currentTree ├── wrappy@1.0.2
81 silly currentTree ├── ws@7.4.4
81 silly currentTree ├── xhr@2.6.0
81 silly currentTree ├── xml-parse-from-string@1.0.1
81 silly currentTree ├── xml2js@0.4.23
81 silly currentTree ├── xmlbuilder@11.0.1
81 silly currentTree ├── xtend@4.0.2
81 silly currentTree ├── y18n@4.0.1
81 silly currentTree ├── yargs-parser@15.0.1
81 silly currentTree ├── yargs@14.2.3
81 silly currentTree └── zip-stream@2.1.3
82 silly idealTree XBOT@1.0.0
82 silly idealTree ├── @adiwajshing/baileys@3.4.1
82 silly idealTree ├── @adiwajshing/keyed-db@0.2.4
82 silly idealTree ├── @babel/runtime@7.13.10
82 silly idealTree ├── @hapi/bourne@2.0.0
82 silly idealTree ├── @jimp/bmp@0.16.1
82 silly idealTree ├── @jimp/core@0.16.1
82 silly idealTree ├── @jimp/custom@0.16.1
82 silly idealTree ├── @jimp/gif@0.16.1
82 silly idealTree ├── @jimp/jpeg@0.16.1
82 silly idealTree ├── @jimp/plugin-blit@0.16.1
82 silly idealTree ├── @jimp/plugin-blur@0.16.1
82 silly idealTree ├── @jimp/plugin-circle@0.16.1
82 silly idealTree ├── @jimp/plugin-color@0.16.1
82 silly idealTree ├── @jimp/plugin-contain@0.16.1
82 silly idealTree ├── @jimp/plugin-cover@0.16.1
82 silly idealTree ├── @jimp/plugin-crop@0.16.1
82 silly idealTree ├── @jimp/plugin-displace@0.16.1
82 silly idealTree ├── @jimp/plugin-dither@0.16.1
82 silly idealTree ├── @jimp/plugin-fisheye@0.16.1
82 silly idealTree ├── @jimp/plugin-flip@0.16.1
82 silly idealTree ├── @jimp/plugin-gaussian@0.16.1
82 silly idealTree ├── @jimp/plugin-invert@0.16.1
82 silly idealTree ├── @jimp/plugin-mask@0.16.1
82 silly idealTree ├── @jimp/plugin-normalize@0.16.1
82 silly idealTree ├── @jimp/plugin-print@0.16.1
82 silly idealTree ├── @jimp/plugin-resize@0.16.1
82 silly idealTree ├── @jimp/plugin-rotate@0.16.1
82 silly idealTree ├── @jimp/plugin-scale@0.16.1
82 silly idealTree ├── @jimp/plugin-shadow@0.16.1
82 silly idealTree ├── @jimp/plugin-threshold@0.16.1
82 silly idealTree ├── @jimp/plugins@0.16.1
82 silly idealTree ├── @jimp/png@0.16.1
82 silly idealTree ├── @jimp/tiff@0.16.1
82 silly idealTree ├── @jimp/types@0.16.1
82 silly idealTree ├── @jimp/utils@0.16.1
82 silly idealTree ├── @protobufjs/aspromise@1.1.2
82 silly idealTree ├── @protobufjs/base64@1.1.2
82 silly idealTree ├── @protobufjs/codegen@2.0.4
82 silly idealTree ├── @protobufjs/eventemitter@1.1.0
82 silly idealTree ├── @protobufjs/fetch@1.1.0
82 silly idealTree ├── @protobufjs/float@1.0.2
82 silly idealTree ├── @protobufjs/inquire@1.1.0
82 silly idealTree ├── @protobufjs/path@1.1.2
82 silly idealTree ├── @protobufjs/pool@1.1.0
82 silly idealTree ├── @protobufjs/utf8@1.1.0
82 silly idealTree ├── @sindresorhus/is@4.0.0
82 silly idealTree ├── @szmarczak/http-timer@4.0.5
82 silly idealTree ├── @tokenizer/token@0.1.1
82 silly idealTree ├── @types/debug@4.1.5
82 silly idealTree ├── @types/http-cache-semantics@4.0.0
82 silly idealTree ├── @types/keyv@3.1.1
82 silly idealTree ├── @types/long@4.0.1
82 silly idealTree ├── @types/node@14.14.35
82 silly idealTree ├── @types/readable-stream@2.3.9
82 silly idealTree ├── @types/responselike@1.0.0
82 silly idealTree ├── agent-base@6.0.2
82 silly idealTree ├── ajv@6.12.6
82 silly idealTree ├── ansi-regex@4.1.0
82 silly idealTree ├── ansi-styles@3.2.1
82 silly idealTree ├── any-base@1.1.0
82 silly idealTree ├─┬ archiver-utils@2.1.0
82 silly idealTree │ ├── readable-stream@2.3.7
82 silly idealTree │ ├── safe-buffer@5.1.2
82 silly idealTree │ └── string_decoder@1.1.1
82 silly idealTree ├── archiver@3.1.1
82 silly idealTree ├─┬ args@5.0.1
82 silly idealTree │ └── chalk@2.4.2
82 silly idealTree ├── asn1@0.2.4
82 silly idealTree ├── assert-plus@1.0.0
82 silly idealTree ├── async@2.6.3
82 silly idealTree ├── asynckit@0.4.0
82 silly idealTree ├── atomic-sleep@1.0.0
82 silly idealTree ├── aws-sign2@0.7.0
82 silly idealTree ├── aws4@1.11.0
82 silly idealTree ├── axios@0.21.1
82 silly idealTree ├── balanced-match@1.0.0
82 silly idealTree ├── base64-js@1.5.1
82 silly idealTree ├── bcrypt-pbkdf@1.0.2
82 silly idealTree ├── bl@4.1.0
82 silly idealTree ├── bluebird@3.7.2
82 silly idealTree ├── bmp-js@0.1.0
82 silly idealTree ├── brace-expansion@1.1.11
82 silly idealTree ├── buffer-crc32@0.2.13
82 silly idealTree ├── buffer-equal@0.0.1
82 silly idealTree ├── buffer@5.7.1
82 silly idealTree ├── camelcase@5.0.0
82 silly idealTree ├── caseless@0.12.0
82 silly idealTree ├── cfonts@2.9.1
82 silly idealTree ├─┬ chalk@4.1.0
82 silly idealTree │ ├── ansi-styles@4.3.0
82 silly idealTree │ ├── color-convert@2.0.1
82 silly idealTree │ ├── color-name@1.1.4
82 silly idealTree │ ├── has-flag@4.0.0
82 silly idealTree │ └── supports-color@7.2.0
82 silly idealTree ├── cli-cursor@3.1.0
82 silly idealTree ├── cli-spinners@2.5.0
82 silly idealTree ├── cliui@5.0.0
82 silly idealTree ├── clone-response@1.0.2
82 silly idealTree ├── clone@1.0.4
82 silly idealTree ├── color-convert@1.9.3
82 silly idealTree ├── color-name@1.1.3
82 silly idealTree ├── combined-stream@1.0.8
82 silly idealTree ├── commander@2.20.3
82 silly idealTree ├─┬ compress-commons@2.1.1
82 silly idealTree │ ├── readable-stream@2.3.7
82 silly idealTree │ ├── safe-buffer@5.1.2
82 silly idealTree │ └── string_decoder@1.1.1
82 silly idealTree ├── concat-map@0.0.1
82 silly idealTree ├── content-type@1.0.4
82 silly idealTree ├── core-util-is@1.0.2
82 silly idealTree ├── crc@3.8.0
82 silly idealTree ├── crc32-stream@3.0.1
82 silly idealTree ├── curve25519-js@0.0.4
82 silly idealTree ├── dashdash@1.14.1
82 silly idealTree ├── dateformat@4.5.1
82 silly idealTree ├── debug@4.3.1
82 silly idealTree ├── decamelize@1.2.0
82 silly idealTree ├─┬ decompress-response@6.0.0
82 silly idealTree │ └── mimic-response@3.1.0
82 silly idealTree ├── defaults@1.0.3
82 silly idealTree ├── defer-to-connect@2.0.1
82 silly idealTree ├── define-property@1.0.0
82 silly idealTree ├── delayed-stream@1.0.0
82 silly idealTree ├── dom-walk@0.1.2
82 silly idealTree ├── dotenv@8.2.0
82 silly idealTree ├── ecc-jsbn@0.1.2
82 silly idealTree ├── emoji-regex@7.0.3
82 silly idealTree ├── end-of-stream@1.4.4
82 silly idealTree ├── escape-string-regexp@1.0.5
82 silly idealTree ├── exif-parser@0.1.12
82 silly idealTree ├── extend@3.0.2
82 silly idealTree ├── extsprintf@1.3.0
82 silly idealTree ├── fake-useragent@1.0.1
82 silly idealTree ├── fast-deep-equal@3.1.3
82 silly idealTree ├── fast-json-stable-stringify@2.1.0
82 silly idealTree ├── fast-redact@3.0.0
82 silly idealTree ├── fast-safe-stringify@2.0.7
82 silly idealTree ├── file-type@9.0.0
82 silly idealTree ├── find-up@3.0.0
82 silly idealTree ├── flatstr@1.0.12
82 silly idealTree ├── fluent-ffmpeg@2.1.2
82 silly idealTree ├── follow-redirects@1.13.3
82 silly idealTree ├── forever-agent@0.6.1
82 silly idealTree ├── form-data@2.3.3
82 silly idealTree ├── fs-constants@1.0.0
82 silly idealTree ├── fs.realpath@1.0.0
82 silly idealTree ├── futoin-hkdf@1.3.3
82 silly idealTree ├── get-caller-file@2.0.5
82 silly idealTree ├── get-stream@5.2.0
82 silly idealTree ├── getpass@0.1.7
82 silly idealTree ├── gifwrap@0.9.2
82 silly idealTree ├── glob@7.1.6
82 silly idealTree ├── global@4.4.0
82 silly idealTree ├─┬ got@11.8.2
82 silly idealTree │ ├── @types/cacheable-request@6.0.1
82 silly idealTree │ ├── cacheable-lookup@5.0.4
82 silly idealTree │ ├── cacheable-request@7.0.1
82 silly idealTree │ └── http-cache-semantics@4.1.0
82 silly idealTree ├── graceful-fs@4.2.6
82 silly idealTree ├── har-schema@2.0.0
82 silly idealTree ├── har-validator@5.1.5
82 silly idealTree ├── has-flag@3.0.0
82 silly idealTree ├── http-signature@1.2.0
82 silly idealTree ├── http2-wrapper@1.0.3
82 silly idealTree ├── https-proxy-agent@5.0.0
82 silly idealTree ├── iconv-lite@0.4.24
82 silly idealTree ├── ieee754@1.2.1
82 silly idealTree ├── image-q@1.1.1
82 silly idealTree ├── image-to-base64@2.1.1
82 silly idealTree ├── inflight@1.0.6
82 silly idealTree ├── inherits@2.0.4
82 silly idealTree ├── ip@1.1.5
82 silly idealTree ├── is-accessor-descriptor@1.0.0
82 silly idealTree ├── is-buffer@1.1.6
82 silly idealTree ├── is-data-descriptor@1.0.0
82 silly idealTree ├── is-descriptor@1.0.2
82 silly idealTree ├── is-fullwidth-code-point@2.0.0
82 silly idealTree ├── is-function@1.0.2
82 silly idealTree ├── is-interactive@1.0.0
82 silly idealTree ├─┬ is-number@3.0.0
82 silly idealTree │ └── kind-of@3.2.2
82 silly idealTree ├── is-typedarray@1.0.0
82 silly idealTree ├── isarray@1.0.0
82 silly idealTree ├── isexe@2.0.0
82 silly idealTree ├── isstream@0.1.2
82 silly idealTree ├── jimp@0.16.1
82 silly idealTree ├── jmespath@0.15.0
82 silly idealTree ├── joycon@2.2.5
82 silly idealTree ├── jpeg-js@0.4.2
82 silly idealTree ├── jsbn@0.1.1
82 silly idealTree ├── json-buffer@3.0.1
82 silly idealTree ├── json-schema-traverse@0.4.1
82 silly idealTree ├── json-schema@0.2.3
82 silly idealTree ├── json-stringify-safe@5.0.1
82 silly idealTree ├── json2csv@4.5.1
82 silly idealTree ├── jsonparse@1.3.1
82 silly idealTree ├── jsprim@1.4.1
82 silly idealTree ├── keyv@4.0.3
82 silly idealTree ├── kind-of@6.0.3
82 silly idealTree ├─┬ lazystream@1.0.0
82 silly idealTree │ ├── readable-stream@2.3.7
82 silly idealTree │ ├── safe-buffer@5.1.2
82 silly idealTree │ └── string_decoder@1.1.1
82 silly idealTree ├── leven@2.1.0
82 silly idealTree ├── load-bmfont@1.4.1
82 silly idealTree ├── locate-path@3.0.0
82 silly idealTree ├── lodash.defaults@4.2.0
82 silly idealTree ├── lodash.difference@4.5.0
82 silly idealTree ├── lodash.flatten@4.4.0
82 silly idealTree ├── lodash.get@4.4.2
82 silly idealTree ├── lodash.isplainobject@4.0.6
82 silly idealTree ├── lodash.union@4.6.0
82 silly idealTree ├── lodash@4.17.21
82 silly idealTree ├── long@4.0.0
82 silly idealTree ├── lowercase-keys@2.0.0
82 silly idealTree ├── media-typer@1.1.0
82 silly idealTree ├── mime-db@1.46.0
82 silly idealTree ├── mime-types@2.1.29
82 silly idealTree ├── mime@1.6.0
82 silly idealTree ├── mimic-fn@2.1.0
82 silly idealTree ├── mimic-response@1.0.1
82 silly idealTree ├── min-document@2.19.0
82 silly idealTree ├── minimatch@3.0.4
82 silly idealTree ├── minimist@1.2.5
82 silly idealTree ├── mkdirp@0.5.5
82 silly idealTree ├── moment-timezone@0.5.33
82 silly idealTree ├── moment@2.29.1
82 silly idealTree ├── mri@1.1.4
82 silly idealTree ├── ms@2.1.2
82 silly idealTree ├─┬ multistream@2.1.1
82 silly idealTree │ ├── readable-stream@2.3.7
82 silly idealTree │ ├── safe-buffer@5.1.2
82 silly idealTree │ └── string_decoder@1.1.1
82 silly idealTree ├─┬ music-metadata@7.8.1
82 silly idealTree │ └── file-type@16.3.0
82 silly idealTree ├── mute-stream@0.0.8
82 silly idealTree ├─┬ needle@2.6.0
82 silly idealTree │ └── debug@3.2.7
82 silly idealTree ├── node-fetch@2.6.1
82 silly idealTree ├── node-gtts@2.0.2
82 silly idealTree ├── node-tesseract-ocr@2.0.0
82 silly idealTree ├── normalize-path@3.0.0
82 silly idealTree ├── normalize-url@4.5.0
82 silly idealTree ├── oauth-sign@0.9.0
82 silly idealTree ├── omggif@1.0.10
82 silly idealTree ├── once@1.4.0
82 silly idealTree ├── onetime@5.1.2
82 silly idealTree ├─┬ ora@4.1.1
82 silly idealTree │ ├── ansi-regex@5.0.0
82 silly idealTree │ ├── ansi-styles@4.3.0
82 silly idealTree │ ├── chalk@3.0.0
82 silly idealTree │ ├── color-convert@2.0.1
82 silly idealTree │ ├── color-name@1.1.4
82 silly idealTree │ ├── has-flag@4.0.0
82 silly idealTree │ ├─┬ log-symbols@3.0.0
82 silly idealTree │ │ ├── ansi-styles@3.2.1
82 silly idealTree │ │ ├── chalk@2.4.2
82 silly idealTree │ │ ├── color-convert@1.9.3
82 silly idealTree │ │ ├── color-name@1.1.3
82 silly idealTree │ │ ├── has-flag@3.0.0
82 silly idealTree │ │ └── supports-color@5.5.0
82 silly idealTree │ ├── strip-ansi@6.0.0
82 silly idealTree │ └── supports-color@7.2.0
82 silly idealTree ├── p-cancelable@2.1.0
82 silly idealTree ├── p-limit@2.3.0
82 silly idealTree ├── p-locate@3.0.0
82 silly idealTree ├── p-try@2.2.0
82 silly idealTree ├── pako@1.0.11
82 silly idealTree ├── parse-bmfont-ascii@1.0.6
82 silly idealTree ├── parse-bmfont-binary@1.0.6
82 silly idealTree ├── parse-bmfont-xml@1.1.4
82 silly idealTree ├── parse-headers@2.0.3
82 silly idealTree ├── path-exists@3.0.0
82 silly idealTree ├── path-is-absolute@1.0.1
82 silly idealTree ├── peek-readable@3.1.3
82 silly idealTree ├── performance-now@2.1.0
82 silly idealTree ├── phin@2.9.3
82 silly idealTree ├── pino-pretty@4.7.1
82 silly idealTree ├── pino-std-serializers@3.2.0
82 silly idealTree ├── pino@6.11.2
82 silly idealTree ├── pixelmatch@4.0.2
82 silly idealTree ├── pngjs@3.4.0
82 silly idealTree ├── process-nextick-args@2.0.1
82 silly idealTree ├── process@0.11.10
82 silly idealTree ├── progress@2.0.3
82 silly idealTree ├─┬ protobufjs@6.10.2
82 silly idealTree │ └── @types/node@13.13.47
82 silly idealTree ├── psl@1.8.0
82 silly idealTree ├── pump@3.0.0
82 silly idealTree ├── punycode@2.1.1
82 silly idealTree ├── qrcode-terminal@0.12.0
82 silly idealTree ├── qs@6.5.2
82 silly idealTree ├── quick-format-unescaped@4.0.1
82 silly idealTree ├── quick-lru@5.1.1
82 silly idealTree ├── readable-stream@3.6.0
82 silly idealTree ├── readable-web-to-node-stream@3.0.1
82 silly idealTree ├── regenerator-runtime@0.13.7
82 silly idealTree ├── remove.bg@1.3.0
82 silly idealTree ├── request-promise-core@1.1.4
82 silly idealTree ├── request-promise@4.2.6
82 silly idealTree ├── request@2.88.2
82 silly idealTree ├── require-directory@2.1.1
82 silly idealTree ├── require-main-filename@2.0.0
82 silly idealTree ├── resolve-alpn@1.0.0
82 silly idealTree ├── responselike@2.0.0
82 silly idealTree ├── restore-cursor@3.1.0
82 silly idealTree ├── safe-buffer@5.2.1
82 silly idealTree ├── safer-buffer@2.1.2
82 silly idealTree ├── sax@1.2.4
82 silly idealTree ├── set-blocking@2.0.0
82 silly idealTree ├── signal-exit@3.0.3
82 silly idealTree ├── smart-buffer@4.1.0
82 silly idealTree ├── socks-proxy-agent@5.0.0
82 silly idealTree ├── socks@2.5.1
82 silly idealTree ├── sonic-boom@1.4.0
82 silly idealTree ├─┬ spinnies@0.5.1
82 silly idealTree │ └── chalk@2.4.2
82 silly idealTree ├── split2@3.2.2
82 silly idealTree ├── sshpk@1.16.1
82 silly idealTree ├── stealthy-require@1.1.1
82 silly idealTree ├── string_decoder@1.3.0
82 silly idealTree ├── string-width@3.1.0
82 silly idealTree ├── strip-ansi@5.2.0
82 silly idealTree ├── strip-json-comments@3.1.1
82 silly idealTree ├── strtok3@6.0.8
82 silly idealTree ├── supports-color@5.5.0
82 silly idealTree ├── tar-stream@2.2.0
82 silly idealTree ├─┬ tiktok-scraper@1.4.17
82 silly idealTree │ └── async@3.2.0
82 silly idealTree ├── timm@1.7.1
82 silly idealTree ├── tinycolor2@1.4.2
82 silly idealTree ├── token-types@2.1.1
82 silly idealTree ├── tough-cookie@2.5.0
82 silly idealTree ├── tunnel-agent@0.6.0
82 silly idealTree ├── tweetnacl@0.14.5
82 silly idealTree ├── typedarray-to-buffer@3.1.5
82 silly idealTree ├─┬ unirest@0.6.0
82 silly idealTree │ ├── async@0.9.2
82 silly idealTree │ ├── combined-stream@0.0.7
82 silly idealTree │ ├── delayed-stream@0.0.5
82 silly idealTree │ ├── form-data@0.2.0
82 silly idealTree │ ├── mime-db@1.12.0
82 silly idealTree │ ├── mime-types@2.0.14
82 silly idealTree │ └── mime@2.5.2
82 silly idealTree ├── uri-js@4.4.1
82 silly idealTree ├── utif@2.0.1
82 silly idealTree ├── util-deprecate@1.0.2
82 silly idealTree ├── uuid@3.4.0
82 silly idealTree ├── verror@1.10.0
82 silly idealTree ├── wcwidth@1.0.1
82 silly idealTree ├── which-module@2.0.0
82 silly idealTree ├── which@1.3.1
82 silly idealTree ├── window-size@1.1.1
82 silly idealTree ├── wrap-ansi@5.1.0
82 silly idealTree ├── wrappy@1.0.2
82 silly idealTree ├── ws@7.4.4
82 silly idealTree ├── xhr@2.6.0
82 silly idealTree ├── xml-parse-from-string@1.0.1
82 silly idealTree ├── xml2js@0.4.23
82 silly idealTree ├── xmlbuilder@11.0.1
82 silly idealTree ├── xtend@4.0.2
82 silly idealTree ├── y18n@4.0.1
82 silly idealTree ├── yargs-parser@15.0.1
82 silly idealTree ├── yargs@14.2.3
82 silly idealTree └── zip-stream@2.1.3
83 silly install generateActionsToTake
84 timing stage:generateActionsToTake Completed in 350ms
85 silly diffTrees action count 24
86 silly diffTrees update @types/http-cache-semantics@4.0.0
87 silly diffTrees add commander@2.20.3
88 silly diffTrees add @types/cacheable-request@6.0.1
89 silly diffTrees add cacheable-lookup@5.0.4
90 silly diffTrees add http-cache-semantics@4.1.0
91 silly diffTrees add cacheable-request@7.0.1
92 silly diffTrees add jsonparse@1.3.1
93 silly diffTrees add lodash.get@4.4.2
94 silly diffTrees add json2csv@4.5.1
95 silly diffTrees add color-name@1.1.3
96 silly diffTrees add color-convert@1.9.3
97 silly diffTrees add ansi-styles@3.2.1
98 silly diffTrees add has-flag@3.0.0
99 silly diffTrees add supports-color@5.5.0
100 silly diffTrees add chalk@2.4.2
101 silly diffTrees add log-symbols@3.0.0
102 silly diffTrees add async@3.2.0
103 silly diffTrees remove @types/cacheable-request
104 silly diffTrees remove cacheable-lookup
105 silly diffTrees remove cacheable-request
106 silly diffTrees remove http-cache-semantics
107 silly diffTrees remove log-symbols
108 silly diffTrees remove chalk
109 silly diffTrees add tiktok-scraper@1.4.17
110 silly decomposeActions action count 158
111 silly decomposeActions unbuild @types/http-cache-semantics
112 silly decomposeActions remove @types/http-cache-semantics
113 silly decomposeActions fetch @types/http-cache-semantics@4.0.0
114 silly decomposeActions extract @types/http-cache-semantics@4.0.0
115 silly decomposeActions preinstall @types/http-cache-semantics@4.0.0
116 silly decomposeActions build @types/http-cache-semantics@4.0.0
117 silly decomposeActions install @types/http-cache-semantics@4.0.0
118 silly decomposeActions postinstall @types/http-cache-semantics@4.0.0
119 silly decomposeActions finalize @types/http-cache-semantics@4.0.0
120 silly decomposeActions refresh-package-json @types/http-cache-semantics@4.0.0
121 silly decomposeActions fetch commander@2.20.3
122 silly decomposeActions extract commander@2.20.3
123 silly decomposeActions preinstall commander@2.20.3
124 silly decomposeActions build commander@2.20.3
125 silly decomposeActions install commander@2.20.3
126 silly decomposeActions postinstall commander@2.20.3
127 silly decomposeActions finalize commander@2.20.3
128 silly decomposeActions refresh-package-json commander@2.20.3
129 silly decomposeActions fetch @types/cacheable-request@6.0.1
130 silly decomposeActions extract @types/cacheable-request@6.0.1
131 silly decomposeActions preinstall @types/cacheable-request@6.0.1
132 silly decomposeActions build @types/cacheable-request@6.0.1
133 silly decomposeActions install @types/cacheable-request@6.0.1
134 silly decomposeActions postinstall @types/cacheable-request@6.0.1
135 silly decomposeActions finalize @types/cacheable-request@6.0.1
136 silly decomposeActions refresh-package-json @types/cacheable-request@6.0.1
137 silly decomposeActions fetch cacheable-lookup@5.0.4
138 silly decomposeActions extract cacheable-lookup@5.0.4
139 silly decomposeActions preinstall cacheable-lookup@5.0.4
140 silly decomposeActions build cacheable-lookup@5.0.4
141 silly decomposeActions install cacheable-lookup@5.0.4
142 silly decomposeActions postinstall cacheable-lookup@5.0.4
143 silly decomposeActions finalize cacheable-lookup@5.0.4
144 silly decomposeActions refresh-package-json cacheable-lookup@5.0.4
145 silly decomposeActions fetch http-cache-semantics@4.1.0
146 silly decomposeActions extract http-cache-semantics@4.1.0
147 silly decomposeActions preinstall http-cache-semantics@4.1.0
148 silly decomposeActions build http-cache-semantics@4.1.0
149 silly decomposeActions install http-cache-semantics@4.1.0
150 silly decomposeActions postinstall http-cache-semantics@4.1.0
151 silly decomposeActions finalize http-cache-semantics@4.1.0
152 silly decomposeActions refresh-package-json http-cache-semantics@4.1.0
153 silly decomposeActions fetch cacheable-request@7.0.1
154 silly decomposeActions extract cacheable-request@7.0.1
155 silly decomposeActions preinstall cacheable-request@7.0.1
156 silly decomposeActions build cacheable-request@7.0.1
157 silly decomposeActions install cacheable-request@7.0.1
158 silly decomposeActions postinstall cacheable-request@7.0.1
159 silly decomposeActions finalize cacheable-request@7.0.1
160 silly decomposeActions refresh-package-json cacheable-request@7.0.1
161 silly decomposeActions fetch jsonparse@1.3.1
162 silly decomposeActions extract jsonparse@1.3.1
163 silly decomposeActions preinstall jsonparse@1.3.1
164 silly decomposeActions build jsonparse@1.3.1
165 silly decomposeActions install jsonparse@1.3.1
166 silly decomposeActions postinstall jsonparse@1.3.1
167 silly decomposeActions finalize jsonparse@1.3.1
168 silly decomposeActions refresh-package-json jsonparse@1.3.1
169 silly decomposeActions fetch lodash.get@4.4.2
170 silly decomposeActions extract lodash.get@4.4.2
171 silly decomposeActions preinstall lodash.get@4.4.2
172 silly decomposeActions build lodash.get@4.4.2
173 silly decomposeActions install lodash.get@4.4.2
174 silly decomposeActions postinstall lodash.get@4.4.2
175 silly decomposeActions finalize lodash.get@4.4.2
176 silly decomposeActions refresh-package-json lodash.get@4.4.2
177 silly decomposeActions fetch json2csv@4.5.1
178 silly decomposeActions extract json2csv@4.5.1
179 silly decomposeActions preinstall json2csv@4.5.1
180 silly decomposeActions build json2csv@4.5.1
181 silly decomposeActions install json2csv@4.5.1
182 silly decomposeActions postinstall json2csv@4.5.1
183 silly decomposeActions finalize json2csv@4.5.1
184 silly decomposeActions refresh-package-json json2csv@4.5.1
185 silly decomposeActions fetch color-name@1.1.3
186 silly decomposeActions extract color-name@1.1.3
187 silly decomposeActions preinstall color-name@1.1.3
188 silly decomposeActions build color-name@1.1.3
189 silly decomposeActions install color-name@1.1.3
190 silly decomposeActions postinstall color-name@1.1.3
191 silly decomposeActions finalize color-name@1.1.3
192 silly decomposeActions refresh-package-json color-name@1.1.3
193 silly decomposeActions fetch color-convert@1.9.3
194 silly decomposeActions extract color-convert@1.9.3
195 silly decomposeActions preinstall color-convert@1.9.3
196 silly decomposeActions build color-convert@1.9.3
197 silly decomposeActions install color-convert@1.9.3
198 silly decomposeActions postinstall color-convert@1.9.3
199 silly decomposeActions finalize color-convert@1.9.3
200 silly decomposeActions refresh-package-json color-convert@1.9.3
201 silly decomposeActions fetch ansi-styles@3.2.1
202 silly decomposeActions extract ansi-styles@3.2.1
203 silly decomposeActions preinstall ansi-styles@3.2.1
204 silly decomposeActions build ansi-styles@3.2.1
205 silly decomposeActions install ansi-styles@3.2.1
206 silly decomposeActions postinstall ansi-styles@3.2.1
207 silly decomposeActions finalize ansi-styles@3.2.1
208 silly decomposeActions refresh-package-json ansi-styles@3.2.1
209 silly decomposeActions fetch has-flag@3.0.0
210 silly decomposeActions extract has-flag@3.0.0
211 silly decomposeActions preinstall has-flag@3.0.0
212 silly decomposeActions build has-flag@3.0.0
213 silly decomposeActions install has-flag@3.0.0
214 silly decomposeActions postinstall has-flag@3.0.0
215 silly decomposeActions finalize has-flag@3.0.0
216 silly decomposeActions refresh-package-json has-flag@3.0.0
217 silly decomposeActions fetch supports-color@5.5.0
218 silly decomposeActions extract supports-color@5.5.0
219 silly decomposeActions preinstall supports-color@5.5.0
220 silly decomposeActions build supports-color@5.5.0
221 silly decomposeActions install supports-color@5.5.0
222 silly decomposeActions postinstall supports-color@5.5.0
223 silly decomposeActions finalize supports-color@5.5.0
224 silly decomposeActions refresh-package-json supports-color@5.5.0
225 silly decomposeActions fetch chalk@2.4.2
226 silly decomposeActions extract chalk@2.4.2
227 silly decomposeActions preinstall chalk@2.4.2
228 silly decomposeActions build chalk@2.4.2
229 silly decomposeActions install chalk@2.4.2
230 silly decomposeActions postinstall chalk@2.4.2
231 silly decomposeActions finalize chalk@2.4.2
232 silly decomposeActions refresh-package-json chalk@2.4.2
233 silly decomposeActions fetch log-symbols@3.0.0
234 silly decomposeActions extract log-symbols@3.0.0
235 silly decomposeActions preinstall log-symbols@3.0.0
236 silly decomposeActions build log-symbols@3.0.0
237 silly decomposeActions install log-symbols@3.0.0
238 silly decomposeActions postinstall log-symbols@3.0.0
239 silly decomposeActions finalize log-symbols@3.0.0
240 silly decomposeActions refresh-package-json log-symbols@3.0.0
241 silly decomposeActions fetch async@3.2.0
242 silly decomposeActions extract async@3.2.0
243 silly decomposeActions preinstall async@3.2.0
244 silly decomposeActions build async@3.2.0
245 silly decomposeActions install async@3.2.0
246 silly decomposeActions postinstall async@3.2.0
247 silly decomposeActions finalize async@3.2.0
248 silly decomposeActions refresh-package-json async@3.2.0
249 silly decomposeActions unbuild @types/cacheable-request
250 silly decomposeActions remove @types/cacheable-request
251 silly decomposeActions unbuild cacheable-lookup
252 silly decomposeActions remove cacheable-lookup
253 silly decomposeActions unbuild cacheable-request
254 silly decomposeActions remove cacheable-request
255 silly decomposeActions unbuild http-cache-semantics
256 silly decomposeActions remove http-cache-semantics
257 silly decomposeActions unbuild log-symbols
258 silly decomposeActions remove log-symbols
259 silly decomposeActions unbuild chalk
260 silly decomposeActions remove chalk
261 silly decomposeActions fetch tiktok-scraper@1.4.17
262 silly decomposeActions extract tiktok-scraper@1.4.17
263 silly decomposeActions preinstall tiktok-scraper@1.4.17
264 silly decomposeActions build tiktok-scraper@1.4.17
265 silly decomposeActions install tiktok-scraper@1.4.17
266 silly decomposeActions postinstall tiktok-scraper@1.4.17
267 silly decomposeActions finalize tiktok-scraper@1.4.17
268 silly decomposeActions refresh-package-json tiktok-scraper@1.4.17
269 silly install executeActions
270 silly doSerial global-install 158
271 verbose correctMkdir /data/data/com.termux/files/home/.npm/_locks correctMkdir not in flight; initializing
272 verbose lock using /data/data/com.termux/files/home/.npm/_locks/staging-57715119ca31aab6.lock for /storage/emulated/0/meubot/node_modules/.staging
273 silly doParallel extract 18
274 silly extract @types/http-cache-semantics@4.0.0
275 silly extract commander@2.20.3
276 silly extract @types/cacheable-request@6.0.1
277 silly extract cacheable-lookup@5.0.4
278 silly extract http-cache-semantics@4.1.0
279 silly extract cacheable-request@7.0.1
280 silly extract jsonparse@1.3.1
281 silly extract lodash.get@4.4.2
282 silly extract json2csv@4.5.1
283 silly extract color-name@1.1.3
284 silly extract color-convert@1.9.3
285 silly extract ansi-styles@3.2.1
286 silly extract has-flag@3.0.0
287 silly extract supports-color@5.5.0
288 silly extract chalk@2.4.2
289 silly extract log-symbols@3.0.0
290 silly extract async@3.2.0
291 silly extract tiktok-scraper@1.4.17
292 silly tarball trying commander@^2.15.1 by hash: sha512-GpVkmM8vF2vQUkj2LvZmD35JxeJOLCwJ9cUkugyk2nuhbv3+mJvpLYYt+0+USMxE+oj+ey/lJEnhZw75x/OMcQ==
293 silly tarball trying @types/cacheable-request@^6.0.1 by hash: sha512-ykFq2zmBGOCbpIXtoVbz4SKY5QriWPh3AjyU4G74RYbtt5yOc5OfaY75ftjg7mikMOla1CTGpX3lLbuJh8DTrQ==
294 silly tarball trying cacheable-lookup@^5.0.3 by hash: sha512-2/kNscPhpcxrOigMZzbiWF7dz8ilhb/nIHU3EyZiXWXpeq/au8qJ8VhdftMkty3n7Gj6HIGalQG8oiBNB3AJgA==
295 silly tarball trying http-cache-semantics@^4.0.0 by hash: sha512-carPklcUh7ROWRK7Cv27RPtdhYhUsela/ue5/jKzjegVvXDqM2ILE9Q2BGn9JZJh1g87cp56su/FgQSzcWS8cQ==
296 silly tarball trying cacheable-request@^7.0.1 by hash: sha512-lt0mJ6YAnsrBErpTMWeu5kl/tg9xMAWjavYTN6VQXM1A/teBITuNcccXsCxF0tDQQJf9DfAaX5O4e0zp0KlfZw==
297 silly tarball trying jsonparse@^1.3.1 by hash: sha1-P02uSpH6wxX3EGL4UhzCOfE2YoA=
298 silly tarball trying lodash.get@^4.4.2 by hash: sha1-LRd/ZS+jHpObRDjVNBSZ36OCXpk=
299 silly tarball trying json2csv@4.5.1 by hash: sha512-o90Xa1ziGk3i7AJEO79Jac4+7SEUk58/DxS5mDPW6GF7poX0y7Y0pm1FbWrkz9VzKE4MpUW9aKBOCpJ0U1Ua8A==
300 silly tarball trying color-name@1.1.3 by hash: sha1-p9BVi9icQveV3UIyj3QIMcpTvCU=
301 silly tarball trying color-convert@^1.9.0 by hash: sha512-QfAUtd+vFdAtFQcC8CCyYt1fYWxSqAiK2cSD6zDB8N3cpsEBAvRxp9zOGg6G/SHHJYAT88/az/IuDGALsNVbGg==
302 silly tarball trying ansi-styles@^3.2.1 by hash: sha512-VT0ZI6kZRdTh8YyJw3SMbYm/u+NqfsAxEpWO0Pf9sq8/e94WxxOpPKx9FR1FlyCtOVDNOQ+8ntlqFxiRc+r5qA==
303 silly tarball trying has-flag@^3.0.0 by hash: sha1-tdRU3CGZriJWmfNGfloH87lVuv0=
304 silly tarball trying supports-color@^5.3.0 by hash: sha512-QjVjwdXIt408MIiAqCX4oUKsgU2EqAGzs2Ppkm4aQYbjm+ZEWEcW4SfFNTr4uMNZma0ey4f5lgLrkB0aX0QMow==
305 silly tarball trying chalk@^2.4.2 by hash: sha512-Mti+f9lpJNcwF4tWV8/OrTTtF1gZi+f8FqlyAdouralcFWFQWF2+NgCHShjkCb+IFBLq9buZwE1xckQU4peSuQ==
306 silly tarball trying log-symbols@^3.0.0 by hash: sha512-dSkNGuI7iG3mfvDzUuYZyvk5dD9ocYCYzNU6CYDE6+Xqd+gwme6Z00NS3dUh8mq/73HaEtT7m6W+yUPtU6BZnQ==
307 silly tarball trying async@^3.1.0 by hash: sha512-TR2mEZFVOj2pLStYxLht7TyfuRzaydfpxr3k9RpHIzMgw7A64dzsdqCxH1WJyQdoe8T10nDXd9wnEigmiuHIZw==
308 silly tarball trying tiktok-scraper@^1.4.7 by hash: sha512-8ksJWOqlspoqWtmZllGHRy/ssI4SMl2GG912BxzEoJL35RX66MjmoKbHfUsdOIHohI4bO+/F5K0dd1mEtbWz7g==
309 silly tarball trying @types/http-cache-semantics@latest by hash: sha512-c3Xy026kOF7QOTn00hbIllV1dLR9hG9NkSrLQgCVs8NF6sBU+VGWjD3wLPhmh1TYAc7ugCFsvHYMN4VcBN1U1A==
310 timing audit submit Completed in 1331ms
311 http fetch POST 200 https://registry.npmjs.org/-/npm/v1/security/audits/quick 1328ms
312 timing audit body Completed in 32ms
313 silly extract @types/cacheable-request@^6.0.1 extracted to /storage/emulated/0/meubot/node_modules/.staging/@types/cacheable-request-eb30a7fd (1189ms)
314 silly extract @types/http-cache-semantics@latest extracted to /storage/emulated/0/meubot/node_modules/.staging/@types/http-cache-semantics-3b12900c (1193ms)
315 silly extract has-flag@^3.0.0 extracted to /storage/emulated/0/meubot/node_modules/.staging/has-flag-c47d4274 (1184ms)
316 silly extract ansi-styles@^3.2.1 extracted to /storage/emulated/0/meubot/node_modules/.staging/ansi-styles-22350cdd (1199ms)
317 silly extract supports-color@^5.3.0 extracted to /storage/emulated/0/meubot/node_modules/.staging/supports-color-b054adb1 (1195ms)
318 silly extract lodash.get@^4.4.2 extracted to /storage/emulated/0/meubot/node_modules/.staging/lodash.get-7eb17e63 (1206ms)
319 silly extract log-symbols@^3.0.0 extracted to /storage/emulated/0/meubot/node_modules/.staging/log-symbols-d4484de7 (1202ms)
320 silly extract http-cache-semantics@^4.0.0 extracted to /storage/emulated/0/meubot/node_modules/.staging/http-cache-semantics-3d7f5dfe (1236ms)
321 silly extract color-name@1.1.3 extracted to /storage/emulated/0/meubot/node_modules/.staging/color-name-5ecda554 (1226ms)
322 silly extract cacheable-request@^7.0.1 extracted to /storage/emulated/0/meubot/node_modules/.staging/cacheable-request-c5071ce6 (1240ms)
323 silly extract color-convert@^1.9.0 extracted to /storage/emulated/0/meubot/node_modules/.staging/color-convert-3e744a3c (1237ms)
324 silly extract cacheable-lookup@^5.0.3 extracted to /storage/emulated/0/meubot/node_modules/.staging/cacheable-lookup-a2adfc07 (1254ms)
325 silly extract chalk@^2.4.2 extracted to /storage/emulated/0/meubot/node_modules/.staging/chalk-921ff0cf (1243ms)
326 silly extract commander@^2.15.1 extracted to /storage/emulated/0/meubot/node_modules/.staging/commander-4b46a505 (1269ms)
327 silly extract jsonparse@^1.3.1 extracted to /storage/emulated/0/meubot/node_modules/.staging/jsonparse-f7c50a94 (1315ms)
328 silly extract json2csv@4.5.1 extracted to /storage/emulated/0/meubot/node_modules/.staging/json2csv-5523108e (1421ms)
329 silly extract tiktok-scraper@^1.4.7 extracted to /storage/emulated/0/meubot/node_modules/.staging/tiktok-scraper-de878a70 (1459ms)
330 silly extract async@^3.1.0 extracted to /storage/emulated/0/meubot/node_modules/.staging/async-08ed8965 (1694ms)
331 timing action:extract Completed in 1747ms
332 silly doReverseSerial unbuild 158
333 silly unbuild chalk
334 info lifecycle undefined~preuninstall: undefined
335 info lifecycle undefined~uninstall: undefined
336 verbose unbuild rmStuff undefined from /storage/emulated/0/meubot/node_modules
337 verbose unbuild rmStuff in /storage/emulated/0/meubot/node_modules/log-symbols/node_modules
338 info lifecycle undefined~postuninstall: undefined
339 silly unbuild log-symbols
340 info lifecycle undefined~preuninstall: undefined
341 info lifecycle undefined~uninstall: undefined
342 verbose unbuild rmStuff undefined from /storage/emulated/0/meubot/node_modules
343 info lifecycle undefined~postuninstall: undefined
344 silly unbuild http-cache-semantics
345 info lifecycle undefined~preuninstall: undefined
346 info lifecycle undefined~uninstall: undefined
347 verbose unbuild rmStuff undefined from /storage/emulated/0/meubot/node_modules
348 info lifecycle undefined~postuninstall: undefined
349 silly unbuild cacheable-request
350 info lifecycle undefined~preuninstall: undefined
351 info lifecycle undefined~uninstall: undefined
352 verbose unbuild rmStuff undefined from /storage/emulated/0/meubot/node_modules
353 info lifecycle undefined~postuninstall: undefined
354 silly unbuild cacheable-lookup
355 info lifecycle undefined~preuninstall: undefined
356 info lifecycle undefined~uninstall: undefined
357 verbose unbuild rmStuff undefined from /storage/emulated/0/meubot/node_modules
358 info lifecycle undefined~postuninstall: undefined
359 silly unbuild @types/cacheable-request
360 info lifecycle undefined~preuninstall: undefined
361 info lifecycle undefined~uninstall: undefined
362 verbose unbuild rmStuff undefined from /storage/emulated/0/meubot/node_modules
363 info lifecycle undefined~postuninstall: undefined
364 silly unbuild @types/http-cache-semantics
365 info lifecycle undefined~preuninstall: undefined
366 info lifecycle undefined~uninstall: undefined
367 verbose unbuild rmStuff undefined from /storage/emulated/0/meubot/node_modules
368 info lifecycle undefined~postuninstall: undefined
369 timing action:unbuild Completed in 35ms
370 silly doSerial remove 158
371 silly remove /storage/emulated/0/meubot/node_modules/@types/http-cache-semantics
372 silly remove /storage/emulated/0/meubot/node_modules/@types/cacheable-request
373 silly remove /storage/emulated/0/meubot/node_modules/cacheable-lookup
374 silly remove /storage/emulated/0/meubot/node_modules/cacheable-request
375 silly remove /storage/emulated/0/meubot/node_modules/http-cache-semantics
376 silly remove /storage/emulated/0/meubot/node_modules/log-symbols
377 silly remove /storage/emulated/0/meubot/node_modules/log-symbols/node_modules/chalk
378 timing action:remove Completed in 121ms
379 silly doSerial move 158
380 silly doSerial finalize 158
381 silly finalize /storage/emulated/0/meubot/node_modules/@types/http-cache-semantics
382 silly finalize /storage/emulated/0/meubot/node_modules/commander
383 silly finalize /storage/emulated/0/meubot/node_modules/got/node_modules/@types/cacheable-request
384 silly finalize /storage/emulated/0/meubot/node_modules/got/node_modules/cacheable-lookup
385 silly finalize /storage/emulated/0/meubot/node_modules/got/node_modules/http-cache-semantics
386 silly finalize /storage/emulated/0/meubot/node_modules/got/node_modules/cacheable-request
387 silly finalize /storage/emulated/0/meubot/node_modules/jsonparse
388 silly finalize /storage/emulated/0/meubot/node_modules/lodash.get
389 silly finalize /storage/emulated/0/meubot/node_modules/json2csv
390 silly finalize /storage/emulated/0/meubot/node_modules/ora/node_modules/log-symbols/node_modules/color-name
391 silly finalize /storage/emulated/0/meubot/node_modules/ora/node_modules/log-symbols/node_modules/color-convert
392 silly finalize /storage/emulated/0/meubot/node_modules/ora/node_modules/log-symbols/node_modules/ansi-styles
393 silly finalize /storage/emulated/0/meubot/node_modules/ora/node_modules/log-symbols/node_modules/has-flag
394 silly finalize /storage/emulated/0/meubot/node_modules/ora/node_modules/log-symbols/node_modules/supports-color
395 silly finalize /storage/emulated/0/meubot/node_modules/ora/node_modules/log-symbols/node_modules/chalk
396 silly finalize /storage/emulated/0/meubot/node_modules/ora/node_modules/log-symbols
397 silly finalize /storage/emulated/0/meubot/node_modules/tiktok-scraper/node_modules/async
398 silly finalize /storage/emulated/0/meubot/node_modules/tiktok-scraper
399 timing action:finalize Completed in 282ms
400 silly doParallel refresh-package-json 18
401 silly refresh-package-json /storage/emulated/0/meubot/node_modules/@types/http-cache-semantics
402 silly refresh-package-json /storage/emulated/0/meubot/node_modules/commander
403 silly refresh-package-json /storage/emulated/0/meubot/node_modules/got/node_modules/@types/cacheable-request
404 silly refresh-package-json /storage/emulated/0/meubot/node_modules/got/node_modules/cacheable-lookup
405 silly refresh-package-json /storage/emulated/0/meubot/node_modules/got/node_modules/http-cache-semantics
406 silly refresh-package-json /storage/emulated/0/meubot/node_modules/got/node_modules/cacheable-request
407 silly refresh-package-json /storage/emulated/0/meubot/node_modules/jsonparse
408 silly refresh-package-json /storage/emulated/0/meubot/node_modules/lodash.get
409 silly refresh-package-json /storage/emulated/0/meubot/node_modules/json2csv
410 silly refresh-package-json /storage/emulated/0/meubot/node_modules/ora/node_modules/log-symbols/node_modules/color-name
411 silly refresh-package-json /storage/emulated/0/meubot/node_modules/ora/node_modules/log-symbols/node_modules/color-convert
412 silly refresh-package-json /storage/emulated/0/meubot/node_modules/ora/node_modules/log-symbols/node_modules/ansi-styles
413 silly refresh-package-json /storage/emulated/0/meubot/node_modules/ora/node_modules/log-symbols/node_modules/has-flag
414 silly refresh-package-json /storage/emulated/0/meubot/node_modules/ora/node_modules/log-symbols/node_modules/supports-color
415 silly refresh-package-json /storage/emulated/0/meubot/node_modules/ora/node_modules/log-symbols/node_modules/chalk
416 silly refresh-package-json /storage/emulated/0/meubot/node_modules/ora/node_modules/log-symbols
417 silly refresh-package-json /storage/emulated/0/meubot/node_modules/tiktok-scraper/node_modules/async
418 silly refresh-package-json /storage/emulated/0/meubot/node_modules/tiktok-scraper
419 timing action:refresh-package-json Completed in 480ms
420 silly doParallel preinstall 18
421 silly preinstall @types/http-cache-semantics@4.0.0
422 info lifecycle @types/http-cache-semantics@4.0.0~preinstall: @types/http-cache-semantics@4.0.0
423 silly preinstall commander@2.20.3
424 info lifecycle commander@2.20.3~preinstall: commander@2.20.3
425 silly preinstall @types/cacheable-request@6.0.1
426 info lifecycle @types/cacheable-request@6.0.1~preinstall: @types/cacheable-request@6.0.1
427 silly preinstall cacheable-lookup@5.0.4
428 info lifecycle cacheable-lookup@5.0.4~preinstall: cacheable-lookup@5.0.4
429 silly preinstall http-cache-semantics@4.1.0
430 info lifecycle http-cache-semantics@4.1.0~preinstall: http-cache-semantics@4.1.0
431 silly preinstall cacheable-request@7.0.1
432 info lifecycle cacheable-request@7.0.1~preinstall: cacheable-request@7.0.1
433 silly preinstall jsonparse@1.3.1
434 info lifecycle jsonparse@1.3.1~preinstall: jsonparse@1.3.1
435 silly preinstall lodash.get@4.4.2
436 info lifecycle lodash.get@4.4.2~preinstall: lodash.get@4.4.2
437 silly preinstall json2csv@4.5.1
438 info lifecycle json2csv@4.5.1~preinstall: json2csv@4.5.1
439 silly preinstall color-name@1.1.3
440 info lifecycle color-name@1.1.3~preinstall: color-name@1.1.3
441 silly preinstall color-convert@1.9.3
442 info lifecycle color-convert@1.9.3~preinstall: color-convert@1.9.3
443 silly preinstall ansi-styles@3.2.1
444 info lifecycle ansi-styles@3.2.1~preinstall: ansi-styles@3.2.1
445 silly preinstall has-flag@3.0.0
446 info lifecycle has-flag@3.0.0~preinstall: has-flag@3.0.0
447 silly preinstall supports-color@5.5.0
448 info lifecycle supports-color@5.5.0~preinstall: supports-color@5.5.0
449 silly preinstall chalk@2.4.2
450 info lifecycle chalk@2.4.2~preinstall: chalk@2.4.2
451 silly preinstall log-symbols@3.0.0
452 info lifecycle log-symbols@3.0.0~preinstall: log-symbols@3.0.0
453 silly preinstall async@3.2.0
454 info lifecycle async@3.2.0~preinstall: async@3.2.0
455 silly preinstall tiktok-scraper@1.4.17
456 info lifecycle tiktok-scraper@1.4.17~preinstall: tiktok-scraper@1.4.17
457 timing action:preinstall Completed in 122ms
458 silly doSerial build 158
459 silly build @types/http-cache-semantics@4.0.0
460 info linkStuff @types/http-cache-semantics@4.0.0
461 silly linkStuff @types/http-cache-semantics@4.0.0 has /storage/emulated/0/meubot/node_modules as its parent node_modules
462 silly build commander@2.20.3
463 info linkStuff commander@2.20.3
464 silly linkStuff commander@2.20.3 has /storage/emulated/0/meubot/node_modules as its parent node_modules
465 silly build @types/cacheable-request@6.0.1
466 info linkStuff @types/cacheable-request@6.0.1
467 silly linkStuff @types/cacheable-request@6.0.1 has /storage/emulated/0/meubot/node_modules/got/node_modules as its parent node_modules
468 silly build cacheable-lookup@5.0.4
469 info linkStuff cacheable-lookup@5.0.4
470 silly linkStuff cacheable-lookup@5.0.4 has /storage/emulated/0/meubot/node_modules/got/node_modules as its parent node_modules
471 silly build http-cache-semantics@4.1.0
472 info linkStuff http-cache-semantics@4.1.0
473 silly linkStuff http-cache-semantics@4.1.0 has /storage/emulated/0/meubot/node_modules/got/node_modules as its parent node_modules
474 silly build cacheable-request@7.0.1
475 info linkStuff cacheable-request@7.0.1
476 silly linkStuff cacheable-request@7.0.1 has /storage/emulated/0/meubot/node_modules/got/node_modules as its parent node_modules
477 silly build jsonparse@1.3.1
478 info linkStuff jsonparse@1.3.1
479 silly linkStuff jsonparse@1.3.1 has /storage/emulated/0/meubot/node_modules as its parent node_modules
480 silly build lodash.get@4.4.2
481 info linkStuff lodash.get@4.4.2
482 silly linkStuff lodash.get@4.4.2 has /storage/emulated/0/meubot/node_modules as its parent node_modules
483 silly build json2csv@4.5.1
484 info linkStuff json2csv@4.5.1
485 silly linkStuff json2csv@4.5.1 has /storage/emulated/0/meubot/node_modules as its parent node_modules
486 verbose linkBins [
486 verbose linkBins   { json2csv: 'bin/json2csv.js' },
486 verbose linkBins   '/storage/emulated/0/meubot/node_modules/.bin',
486 verbose linkBins   false
486 verbose linkBins ]
487 silly gently link link does not already exist {
487 silly gently link   link: '/storage/emulated/0/meubot/node_modules/.bin/json2csv',
487 silly gently link   target: '/storage/emulated/0/meubot/node_modules/json2csv/bin/json2csv.js'
487 silly gently link }
488 timing action:build Completed in 160ms
489 verbose unlock done using /data/data/com.termux/files/home/.npm/_locks/staging-57715119ca31aab6.lock for /storage/emulated/0/meubot/node_modules/.staging
490 timing stage:rollbackFailedOptional Completed in 687ms
491 timing stage:runTopLevelLifecycles Completed in 20778ms
492 silly saveTree XBOT@1.0.0
492 silly saveTree ├─┬ @adiwajshing/baileys@3.4.1
492 silly saveTree │ ├── @adiwajshing/keyed-db@0.2.4
492 silly saveTree │ ├── curve25519-js@0.0.4
492 silly saveTree │ ├── futoin-hkdf@1.3.3
492 silly saveTree │ ├─┬ https-proxy-agent@5.0.0
492 silly saveTree │ │ ├─┬ agent-base@6.0.2
492 silly saveTree │ │ │ └─┬ debug@4.3.1
492 silly saveTree │ │ │   └── ms@2.1.2
492 silly saveTree │ │ └── debug@4.3.1
492 silly saveTree │ ├─┬ jimp@0.16.1
492 silly saveTree │ │ ├─┬ @babel/runtime@7.13.10
492 silly saveTree │ │ │ └── regenerator-runtime@0.13.7
492 silly saveTree │ │ ├─┬ @jimp/custom@0.16.1
492 silly saveTree │ │ │ └─┬ @jimp/core@0.16.1
492 silly saveTree │ │ │   ├── @jimp/utils@0.16.1
492 silly saveTree │ │ │   ├── any-base@1.1.0
492 silly saveTree │ │ │   ├─┬ buffer@5.7.1
492 silly saveTree │ │ │   │ ├── base64-js@1.5.1
492 silly saveTree │ │ │   │ └── ieee754@1.2.1
492 silly saveTree │ │ │   ├── exif-parser@0.1.12
492 silly saveTree │ │ │   ├── file-type@9.0.0
492 silly saveTree │ │ │   ├─┬ load-bmfont@1.4.1
492 silly saveTree │ │ │   │ ├── buffer-equal@0.0.1
492 silly saveTree │ │ │   │ ├── mime@1.6.0
492 silly saveTree │ │ │   │ ├── parse-bmfont-ascii@1.0.6
492 silly saveTree │ │ │   │ ├── parse-bmfont-binary@1.0.6
492 silly saveTree │ │ │   │ ├─┬ parse-bmfont-xml@1.1.4
492 silly saveTree │ │ │   │ │ ├── xml-parse-from-string@1.0.1
492 silly saveTree │ │ │   │ │ └─┬ xml2js@0.4.23
492 silly saveTree │ │ │   │ │   ├── sax@1.2.4
492 silly saveTree │ │ │   │ │   └── xmlbuilder@11.0.1
492 silly saveTree │ │ │   │ ├── phin@2.9.3
492 silly saveTree │ │ │   │ ├─┬ xhr@2.6.0
492 silly saveTree │ │ │   │ │ ├─┬ global@4.4.0
492 silly saveTree │ │ │   │ │ │ ├─┬ min-document@2.19.0
492 silly saveTree │ │ │   │ │ │ │ └── dom-walk@0.1.2
492 silly saveTree │ │ │   │ │ │ └── process@0.11.10
492 silly saveTree │ │ │   │ │ ├── is-function@1.0.2
492 silly saveTree │ │ │   │ │ ├── parse-headers@2.0.3
492 silly saveTree │ │ │   │ │ └── xtend@4.0.2
492 silly saveTree │ │ │   │ └── xtend@4.0.2
492 silly saveTree │ │ │   ├─┬ mkdirp@0.5.5
492 silly saveTree │ │ │   │ └── minimist@1.2.5
492 silly saveTree │ │ │   ├── phin@2.9.3
492 silly saveTree │ │ │   ├─┬ pixelmatch@4.0.2
492 silly saveTree │ │ │   │ └── pngjs@3.4.0
492 silly saveTree │ │ │   └── tinycolor2@1.4.2
492 silly saveTree │ │ ├─┬ @jimp/plugins@0.16.1
492 silly saveTree │ │ │ ├── @jimp/plugin-blit@0.16.1
492 silly saveTree │ │ │ ├── @jimp/plugin-blur@0.16.1
492 silly saveTree │ │ │ ├── @jimp/plugin-circle@0.16.1
492 silly saveTree │ │ │ ├── @jimp/plugin-color@0.16.1
492 silly saveTree │ │ │ ├── @jimp/plugin-contain@0.16.1
492 silly saveTree │ │ │ ├── @jimp/plugin-cover@0.16.1
492 silly saveTree │ │ │ ├── @jimp/plugin-crop@0.16.1
492 silly saveTree │ │ │ ├── @jimp/plugin-displace@0.16.1
492 silly saveTree │ │ │ ├── @jimp/plugin-dither@0.16.1
492 silly saveTree │ │ │ ├── @jimp/plugin-fisheye@0.16.1
492 silly saveTree │ │ │ ├── @jimp/plugin-flip@0.16.1
492 silly saveTree │ │ │ ├── @jimp/plugin-gaussian@0.16.1
492 silly saveTree │ │ │ ├── @jimp/plugin-invert@0.16.1
492 silly saveTree │ │ │ ├── @jimp/plugin-mask@0.16.1
492 silly saveTree │ │ │ ├── @jimp/plugin-normalize@0.16.1
492 silly saveTree │ │ │ ├── @jimp/plugin-print@0.16.1
492 silly saveTree │ │ │ ├── @jimp/plugin-resize@0.16.1
492 silly saveTree │ │ │ ├── @jimp/plugin-rotate@0.16.1
492 silly saveTree │ │ │ ├── @jimp/plugin-scale@0.16.1
492 silly saveTree │ │ │ ├── @jimp/plugin-shadow@0.16.1
492 silly saveTree │ │ │ ├── @jimp/plugin-threshold@0.16.1
492 silly saveTree │ │ │ └── timm@1.7.1
492 silly saveTree │ │ ├─┬ @jimp/types@0.16.1
492 silly saveTree │ │ │ ├─┬ @jimp/bmp@0.16.1
492 silly saveTree │ │ │ │ └── bmp-js@0.1.0
492 silly saveTree │ │ │ ├─┬ @jimp/gif@0.16.1
492 silly saveTree │ │ │ │ ├─┬ gifwrap@0.9.2
492 silly saveTree │ │ │ │ │ ├── image-q@1.1.1
492 silly saveTree │ │ │ │ │ └── omggif@1.0.10
492 silly saveTree │ │ │ │ └── omggif@1.0.10
492 silly saveTree │ │ │ ├─┬ @jimp/jpeg@0.16.1
492 silly saveTree │ │ │ │ └── jpeg-js@0.4.2
492 silly saveTree │ │ │ ├── @jimp/png@0.16.1
492 silly saveTree │ │ │ └─┬ @jimp/tiff@0.16.1
492 silly saveTree │ │ │   └─┬ utif@2.0.1
492 silly saveTree │ │ │     └── pako@1.0.11
492 silly saveTree │ │ └── regenerator-runtime@0.13.7
492 silly saveTree │ ├─┬ music-metadata@7.8.1
492 silly saveTree │ │ ├── content-type@1.0.4
492 silly saveTree │ │ ├─┬ file-type@16.3.0
492 silly saveTree │ │ │ ├─┬ readable-web-to-node-stream@3.0.1
492 silly saveTree │ │ │ │ ├─┬ @types/readable-stream@2.3.9
492 silly saveTree │ │ │ │ │ ├── @types/node@14.14.35
492 silly saveTree │ │ │ │ │ └── safe-buffer@5.2.1
492 silly saveTree │ │ │ │ └─┬ readable-stream@3.6.0
492 silly saveTree │ │ │ │   ├── inherits@2.0.4
492 silly saveTree │ │ │ │   ├── string_decoder@1.3.0
492 silly saveTree │ │ │ │   └── util-deprecate@1.0.2
492 silly saveTree │ │ │ ├─┬ strtok3@6.0.8
492 silly saveTree │ │ │ │ ├── @tokenizer/token@0.1.1
492 silly saveTree │ │ │ │ ├── @types/debug@4.1.5
492 silly saveTree │ │ │ │ └── peek-readable@3.1.3
492 silly saveTree │ │ │ ├── token-types@2.1.1
492 silly saveTree │ │ │ └─┬ typedarray-to-buffer@3.1.5
492 silly saveTree │ │ │   └── is-typedarray@1.0.0
492 silly saveTree │ │ ├── media-typer@1.1.0
492 silly saveTree │ │ ├── strtok3@6.0.8
492 silly saveTree │ │ └── token-types@2.1.1
492 silly saveTree │ ├── node-fetch@2.6.1
492 silly saveTree │ ├─┬ pino-pretty@4.7.1
492 silly saveTree │ │ ├── @hapi/bourne@2.0.0
492 silly saveTree │ │ ├─┬ args@5.0.1
492 silly saveTree │ │ │ ├── camelcase@5.0.0
492 silly saveTree │ │ │ ├─┬ chalk@2.4.2
492 silly saveTree │ │ │ │ ├─┬ ansi-styles@3.2.1
492 silly saveTree │ │ │ │ │ └─┬ color-convert@1.9.3
492 silly saveTree │ │ │ │ │   └── color-name@1.1.3
492 silly saveTree │ │ │ │ ├── escape-string-regexp@1.0.5
492 silly saveTree │ │ │ │ └─┬ supports-color@5.5.0
492 silly saveTree │ │ │ │   └── has-flag@3.0.0
492 silly saveTree │ │ │ ├── leven@2.1.0
492 silly saveTree │ │ │ └── mri@1.1.4
492 silly saveTree │ │ ├─┬ chalk@4.1.0
492 silly saveTree │ │ │ ├─┬ ansi-styles@4.3.0
492 silly saveTree │ │ │ │ └─┬ color-convert@2.0.1
492 silly saveTree │ │ │ │   └── color-name@1.1.4
492 silly saveTree │ │ │ └─┬ supports-color@7.2.0
492 silly saveTree │ │ │   └── has-flag@4.0.0
492 silly saveTree │ │ ├── dateformat@4.5.1
492 silly saveTree │ │ ├── fast-safe-stringify@2.0.7
492 silly saveTree │ │ ├── jmespath@0.15.0
492 silly saveTree │ │ ├── joycon@2.2.5
492 silly saveTree │ │ ├─┬ pump@3.0.0
492 silly saveTree │ │ │ ├─┬ end-of-stream@1.4.4
492 silly saveTree │ │ │ │ └─┬ once@1.4.0
492 silly saveTree │ │ │ │   └── wrappy@1.0.2
492 silly saveTree │ │ │ └── once@1.4.0
492 silly saveTree │ │ ├── split2@3.2.2
492 silly saveTree │ │ └── strip-json-comments@3.1.1
492 silly saveTree │ ├─┬ pino@6.11.2
492 silly saveTree │ │ ├── fast-redact@3.0.0
492 silly saveTree │ │ ├── flatstr@1.0.12
492 silly saveTree │ │ ├── pino-std-serializers@3.2.0
492 silly saveTree │ │ ├── quick-format-unescaped@4.0.1
492 silly saveTree │ │ └─┬ sonic-boom@1.4.0
492 silly saveTree │ │   └── atomic-sleep@1.0.0
492 silly saveTree │ ├─┬ protobufjs@6.10.2
492 silly saveTree │ │ ├── @protobufjs/aspromise@1.1.2
492 silly saveTree │ │ ├── @protobufjs/base64@1.1.2
492 silly saveTree │ │ ├── @protobufjs/codegen@2.0.4
492 silly saveTree │ │ ├── @protobufjs/eventemitter@1.1.0
492 silly saveTree │ │ ├─┬ @protobufjs/fetch@1.1.0
492 silly saveTree │ │ │ └── @protobufjs/inquire@1.1.0
492 silly saveTree │ │ ├── @protobufjs/float@1.0.2
492 silly saveTree │ │ ├── @protobufjs/inquire@1.1.0
492 silly saveTree │ │ ├── @protobufjs/path@1.1.2
492 silly saveTree │ │ ├── @protobufjs/pool@1.1.0
492 silly saveTree │ │ ├── @protobufjs/utf8@1.1.0
492 silly saveTree │ │ ├── @types/long@4.0.1
492 silly saveTree │ │ ├── @types/node@13.13.47
492 silly saveTree │ │ └── long@4.0.0
492 silly saveTree │ ├── qrcode-terminal@0.12.0
492 silly saveTree │ └── ws@7.4.4
492 silly saveTree ├─┬ async@2.6.3
492 silly saveTree │ └── lodash@4.17.21
492 silly saveTree ├─┬ axios@0.21.1
492 silly saveTree │ └── follow-redirects@1.13.3
492 silly saveTree ├─┬ cfonts@2.9.1
492 silly saveTree │ └─┬ window-size@1.1.1
492 silly saveTree │   ├─┬ define-property@1.0.0
492 silly saveTree │   │ └─┬ is-descriptor@1.0.2
492 silly saveTree │   │   ├─┬ is-accessor-descriptor@1.0.0
492 silly saveTree │   │   │ └── kind-of@6.0.3
492 silly saveTree │   │   ├── is-data-descriptor@1.0.0
492 silly saveTree │   │   └── kind-of@6.0.3
492 silly saveTree │   └─┬ is-number@3.0.0
492 silly saveTree │     └─┬ kind-of@3.2.2
492 silly saveTree │       └── is-buffer@1.1.6
492 silly saveTree ├── dotenv@8.2.0
492 silly saveTree ├── escape-string-regexp@1.0.5
492 silly saveTree ├── fake-useragent@1.0.1
492 silly saveTree ├─┬ fluent-ffmpeg@2.1.2
492 silly saveTree │ └─┬ which@1.3.1
492 silly saveTree │   └── isexe@2.0.0
492 silly saveTree ├─┬ got@11.8.2
492 silly saveTree │ ├── @sindresorhus/is@4.0.0
492 silly saveTree │ ├─┬ @szmarczak/http-timer@4.0.5
492 silly saveTree │ │ └── defer-to-connect@2.0.1
492 silly saveTree │ ├─┬ @types/cacheable-request@6.0.1
492 silly saveTree │ │ ├── @types/http-cache-semantics@4.0.0
492 silly saveTree │ │ ├── @types/keyv@3.1.1
492 silly saveTree │ │ └── @types/responselike@1.0.0
492 silly saveTree │ ├── @types/responselike@1.0.0
492 silly saveTree │ ├── cacheable-lookup@5.0.4
492 silly saveTree │ ├─┬ cacheable-request@7.0.1
492 silly saveTree │ │ ├─┬ clone-response@1.0.2
492 silly saveTree │ │ │ └── mimic-response@1.0.1
492 silly saveTree │ │ ├── get-stream@5.2.0
492 silly saveTree │ │ ├── http-cache-semantics@4.1.0
492 silly saveTree │ │ ├─┬ keyv@4.0.3
492 silly saveTree │ │ │ └── json-buffer@3.0.1
492 silly saveTree │ │ ├── lowercase-keys@2.0.0
492 silly saveTree │ │ ├── normalize-url@4.5.0
492 silly saveTree │ │ └── responselike@2.0.0
492 silly saveTree │ ├─┬ decompress-response@6.0.0
492 silly saveTree │ │ └── mimic-response@3.1.0
492 silly saveTree │ ├─┬ http2-wrapper@1.0.3
492 silly saveTree │ │ ├── quick-lru@5.1.1
492 silly saveTree │ │ └── resolve-alpn@1.0.0
492 silly saveTree │ ├── lowercase-keys@2.0.0
492 silly saveTree │ ├── p-cancelable@2.1.0
492 silly saveTree │ └── responselike@2.0.0
492 silly saveTree ├── image-to-base64@2.1.1
492 silly saveTree ├─┬ moment-timezone@0.5.33
492 silly saveTree │ └── moment@2.29.1
492 silly saveTree ├─┬ multistream@2.1.1
492 silly saveTree │ └─┬ readable-stream@2.3.7
492 silly saveTree │   ├── core-util-is@1.0.2
492 silly saveTree │   ├── isarray@1.0.0
492 silly saveTree │   ├── process-nextick-args@2.0.1
492 silly saveTree │   ├── safe-buffer@5.1.2
492 silly saveTree │   └── string_decoder@1.1.1
492 silly saveTree ├─┬ needle@2.6.0
492 silly saveTree │ ├── debug@3.2.7
492 silly saveTree │ └─┬ iconv-lite@0.4.24
492 silly saveTree │   └── safer-buffer@2.1.2
492 silly saveTree ├── node-fetch@2.6.1
492 silly saveTree ├─┬ node-gtts@2.0.2
492 silly saveTree │ └─┬ request@2.88.2
492 silly saveTree │   ├── aws-sign2@0.7.0
492 silly saveTree │   ├── aws4@1.11.0
492 silly saveTree │   ├── caseless@0.12.0
492 silly saveTree │   ├─┬ combined-stream@1.0.8
492 silly saveTree │   │ └── delayed-stream@1.0.0
492 silly saveTree │   ├── extend@3.0.2
492 silly saveTree │   ├── forever-agent@0.6.1
492 silly saveTree │   ├─┬ form-data@2.3.3
492 silly saveTree │   │ ├── asynckit@0.4.0
492 silly saveTree │   │ └─┬ mime-types@2.1.29
492 silly saveTree │   │   └── mime-db@1.46.0
492 silly saveTree │   ├─┬ har-validator@5.1.5
492 silly saveTree │   │ ├─┬ ajv@6.12.6
492 silly saveTree │   │ │ ├── fast-deep-equal@3.1.3
492 silly saveTree │   │ │ ├── fast-json-stable-stringify@2.1.0
492 silly saveTree │   │ │ ├── json-schema-traverse@0.4.1
492 silly saveTree │   │ │ └─┬ uri-js@4.4.1
492 silly saveTree │   │ │   └── punycode@2.1.1
492 silly saveTree │   │ └── har-schema@2.0.0
492 silly saveTree │   ├─┬ http-signature@1.2.0
492 silly saveTree │   │ ├── assert-plus@1.0.0
492 silly saveTree │   │ ├─┬ jsprim@1.4.1
492 silly saveTree │   │ │ ├── extsprintf@1.3.0
492 silly saveTree │   │ │ ├── json-schema@0.2.3
492 silly saveTree │   │ │ └── verror@1.10.0
492 silly saveTree │   │ └─┬ sshpk@1.16.1
492 silly saveTree │   │   ├── asn1@0.2.4
492 silly saveTree │   │   ├─┬ bcrypt-pbkdf@1.0.2
492 silly saveTree │   │   │ └── tweetnacl@0.14.5
492 silly saveTree │   │   ├── dashdash@1.14.1
492 silly saveTree │   │   ├─┬ ecc-jsbn@0.1.2
492 silly saveTree │   │   │ └── jsbn@0.1.1
492 silly saveTree │   │   ├── getpass@0.1.7
492 silly saveTree │   │   ├── jsbn@0.1.1
492 silly saveTree │   │   └── tweetnacl@0.14.5
492 silly saveTree │   ├── isstream@0.1.2
492 silly saveTree │   ├── json-stringify-safe@5.0.1
492 silly saveTree │   ├── mime-types@2.1.29
492 silly saveTree │   ├── oauth-sign@0.9.0
492 silly saveTree │   ├── performance-now@2.1.0
492 silly saveTree │   ├── qs@6.5.2
492 silly saveTree │   ├─┬ tough-cookie@2.5.0
492 silly saveTree │   │ └── psl@1.8.0
492 silly saveTree │   ├── tunnel-agent@0.6.0
492 silly saveTree │   └── uuid@3.4.0
492 silly saveTree ├── node-tesseract-ocr@2.0.0
492 silly saveTree ├── performance-now@2.1.0
492 silly saveTree ├── qrcode-terminal@0.12.0
492 silly saveTree ├─┬ remove.bg@1.3.0
492 silly saveTree │ └─┬ unirest@0.6.0
492 silly saveTree │   ├─┬ form-data@0.2.0
492 silly saveTree │   │ ├── async@0.9.2
492 silly saveTree │   │ ├─┬ combined-stream@0.0.7
492 silly saveTree │   │ │ └── delayed-stream@0.0.5
492 silly saveTree │   │ └─┬ mime-types@2.0.14
492 silly saveTree │   │   └── mime-db@1.12.0
492 silly saveTree │   └── mime@2.5.2
492 silly saveTree ├── request@2.88.2
492 silly saveTree ├─┬ spinnies@0.5.1
492 silly saveTree │ ├── chalk@2.4.2
492 silly saveTree │ ├─┬ cli-cursor@3.1.0
492 silly saveTree │ │ └─┬ restore-cursor@3.1.0
492 silly saveTree │ │   ├─┬ onetime@5.1.2
492 silly saveTree │ │   │ └── mimic-fn@2.1.0
492 silly saveTree │ │   └── signal-exit@3.0.3
492 silly saveTree │ └─┬ strip-ansi@5.2.0
492 silly saveTree │   └── ansi-regex@4.1.0
492 silly saveTree └─┬ tiktok-scraper@1.4.17
492 silly saveTree   ├─┬ archiver@3.1.1
492 silly saveTree   │ ├─┬ archiver-utils@2.1.0
492 silly saveTree   │ │ ├─┬ glob@7.1.6
492 silly saveTree   │ │ │ ├── fs.realpath@1.0.0
492 silly saveTree   │ │ │ ├── inflight@1.0.6
492 silly saveTree   │ │ │ ├─┬ minimatch@3.0.4
492 silly saveTree   │ │ │ │ └─┬ brace-expansion@1.1.11
492 silly saveTree   │ │ │ │   ├── balanced-match@1.0.0
492 silly saveTree   │ │ │ │   └── concat-map@0.0.1
492 silly saveTree   │ │ │ └── path-is-absolute@1.0.1
492 silly saveTree   │ │ ├── graceful-fs@4.2.6
492 silly saveTree   │ │ ├─┬ lazystream@1.0.0
492 silly saveTree   │ │ │ └─┬ readable-stream@2.3.7
492 silly saveTree   │ │ │   ├── safe-buffer@5.1.2
492 silly saveTree   │ │ │   └── string_decoder@1.1.1
492 silly saveTree   │ │ ├── lodash.defaults@4.2.0
492 silly saveTree   │ │ ├── lodash.difference@4.5.0
492 silly saveTree   │ │ ├── lodash.flatten@4.4.0
492 silly saveTree   │ │ ├── lodash.isplainobject@4.0.6
492 silly saveTree   │ │ ├── lodash.union@4.6.0
492 silly saveTree   │ │ ├── normalize-path@3.0.0
492 silly saveTree   │ │ └─┬ readable-stream@2.3.7
492 silly saveTree   │ │   ├── safe-buffer@5.1.2
492 silly saveTree   │ │   └── string_decoder@1.1.1
492 silly saveTree   │ ├── buffer-crc32@0.2.13
492 silly saveTree   │ ├── glob@7.1.6
492 silly saveTree   │ ├─┬ tar-stream@2.2.0
492 silly saveTree   │ │ ├── bl@4.1.0
492 silly saveTree   │ │ └── fs-constants@1.0.0
492 silly saveTree   │ └─┬ zip-stream@2.1.3
492 silly saveTree   │   └─┬ compress-commons@2.1.1
492 silly saveTree   │     ├─┬ crc32-stream@3.0.1
492 silly saveTree   │     │ └── crc@3.8.0
492 silly saveTree   │     └─┬ readable-stream@2.3.7
492 silly saveTree   │       ├── safe-buffer@5.1.2
492 silly saveTree   │       └── string_decoder@1.1.1
492 silly saveTree   ├── async@3.2.0
492 silly saveTree   ├── bluebird@3.7.2
492 silly saveTree   ├─┬ json2csv@4.5.1
492 silly saveTree   │ ├── commander@2.20.3
492 silly saveTree   │ ├── jsonparse@1.3.1
492 silly saveTree   │ └── lodash.get@4.4.2
492 silly saveTree   ├─┬ ora@4.1.1
492 silly saveTree   │ ├─┬ chalk@3.0.0
492 silly saveTree   │ │ ├─┬ ansi-styles@4.3.0
492 silly saveTree   │ │ │ └─┬ color-convert@2.0.1
492 silly saveTree   │ │ │   └── color-name@1.1.4
492 silly saveTree   │ │ └─┬ supports-color@7.2.0
492 silly saveTree   │ │   └── has-flag@4.0.0
492 silly saveTree   │ ├── cli-spinners@2.5.0
492 silly saveTree   │ ├── is-interactive@1.0.0
492 silly saveTree   │ ├─┬ log-symbols@3.0.0
492 silly saveTree   │ │ └─┬ chalk@2.4.2
492 silly saveTree   │ │   ├─┬ ansi-styles@3.2.1
492 silly saveTree   │ │   │ └─┬ color-convert@1.9.3
492 silly saveTree   │ │   │   └── color-name@1.1.3
492 silly saveTree   │ │   └─┬ supports-color@5.5.0
492 silly saveTree   │ │     └── has-flag@3.0.0
492 silly saveTree   │ ├── mute-stream@0.0.8
492 silly saveTree   │ ├─┬ strip-ansi@6.0.0
492 silly saveTree   │ │ └── ansi-regex@5.0.0
492 silly saveTree   │ └─┬ wcwidth@1.0.1
492 silly saveTree   │   └─┬ defaults@1.0.3
492 silly saveTree   │     └── clone@1.0.4
492 silly saveTree   ├── progress@2.0.3
492 silly saveTree   ├─┬ request-promise@4.2.6
492 silly saveTree   │ ├── request-promise-core@1.1.4
492 silly saveTree   │ └── stealthy-require@1.1.1
492 silly saveTree   ├─┬ socks-proxy-agent@5.0.0
492 silly saveTree   │ └─┬ socks@2.5.1
492 silly saveTree   │   ├── ip@1.1.5
492 silly saveTree   │   └── smart-buffer@4.1.0
492 silly saveTree   └─┬ yargs@14.2.3
492 silly saveTree     ├─┬ cliui@5.0.0
492 silly saveTree     │ ├─┬ string-width@3.1.0
492 silly saveTree     │ │ ├── emoji-regex@7.0.3
492 silly saveTree     │ │ └── is-fullwidth-code-point@2.0.0
492 silly saveTree     │ └── wrap-ansi@5.1.0
492 silly saveTree     ├── decamelize@1.2.0
492 silly saveTree     ├─┬ find-up@3.0.0
492 silly saveTree     │ └─┬ locate-path@3.0.0
492 silly saveTree     │   ├─┬ p-locate@3.0.0
492 silly saveTree     │   │ └─┬ p-limit@2.3.0
492 silly saveTree     │   │   └── p-try@2.2.0
492 silly saveTree     │   └── path-exists@3.0.0
492 silly saveTree     ├── get-caller-file@2.0.5
492 silly saveTree     ├── require-directory@2.1.1
492 silly saveTree     ├── require-main-filename@2.0.0
492 silly saveTree     ├── set-blocking@2.0.0
492 silly saveTree     ├── string-width@3.1.0
492 silly saveTree     ├── which-module@2.0.0
492 silly saveTree     ├── y18n@4.0.1
492 silly saveTree     └── yargs-parser@15.0.1
493 verbose stack Error: EPERM: operation not permitted, symlink '../json2csv/bin/json2csv.js' -> '/storage/emulated/0/meubot/node_modules/.bin/json2csv'
494 verbose cwd /storage/emulated/0/meubot
495 verbose Linux 3.18.14-15008757-QB36298109
496 verbose argv "/data/data/com.termux/files/usr/bin/node" "/data/data/com.termux/files/usr/bin/npm" "install"
497 verbose node v14.15.4
498 verbose npm  v6.14.10
499 error code EPERM
500 error syscall symlink
501 error path ../json2csv/bin/json2csv.js
502 error dest /storage/emulated/0/meubot/node_modules/.bin/json2csv
503 error errno -1
504 error Error: EPERM: operation not permitted, symlink '../json2csv/bin/json2csv.js' -> '/storage/emulated/0/meubot/node_modules/.bin/json2csv'
504 error  [OperationalError: EPERM: operation not permitted, symlink '../json2csv/bin/json2csv.js' -> '/storage/emulated/0/meubot/node_modules/.bin/json2csv'] {
504 error   cause: [Error: EPERM: operation not permitted, symlink '../json2csv/bin/json2csv.js' -> '/storage/emulated/0/meubot/node_modules/.bin/json2csv'] {
504 error     errno: -1,
504 error     code: 'EPERM',
504 error     syscall: 'symlink',
504 error     path: '../json2csv/bin/json2csv.js',
504 error     dest: '/storage/emulated/0/meubot/node_modules/.bin/json2csv'
504 error   },
504 error   errno: -1,
504 error   code: 'EPERM',
504 error   syscall: 'symlink',
504 error   path: '../json2csv/bin/json2csv.js',
504 error   dest: '/storage/emulated/0/meubot/node_modules/.bin/json2csv',
504 error   parent: 'meubot'
504 error }
505 error The operation was rejected by your operating system.
505 error It is likely you do not have the permissions to access this file as the current user
505 error
505 error If you believe this might be a permissions issue, please double-check the
505 error permissions of the file and its containing directories, or try running
505 error the command again as root/Administrator.
506 verbose exit [ -1, true ]
